\BOOKMARK [1][-]{section.1}{Probabity and Statistics}{}% 1
\BOOKMARK [2][-]{subsection.1.1}{\(combinatorics\)}{section.1}% 2
\BOOKMARK [2][-]{subsection.1.2}{\(counting\)}{section.1}% 3
\BOOKMARK [2][-]{subsection.1.3}{\(conditional probability\)}{section.1}% 4
\BOOKMARK [2][-]{subsection.1.4}{\(Bayes theorem\)}{section.1}% 5
\BOOKMARK [2][-]{subsection.1.5}{\(union/intersection\)}{section.1}% 6
\BOOKMARK [1][-]{section.2}{Linear Algebra}{}% 7
\BOOKMARK [2][-]{subsection.2.1}{\(rank\)}{section.2}% 8
\BOOKMARK [2][-]{subsection.2.2}{\(inverse\)}{section.2}% 9
\BOOKMARK [2][-]{subsection.2.3}{\(eigenvalue/eignevectors\)}{section.2}% 10
\BOOKMARK [2][-]{subsection.2.4}{\(singular value decomposition\)}{section.2}% 11
\BOOKMARK [2][-]{subsection.2.5}{\(PD/PSD\)}{section.2}% 12
\BOOKMARK [2][-]{subsection.2.6}{\(inner product\)}{section.2}% 13
\BOOKMARK [1][-]{section.3}{Calculus}{}% 14
\BOOKMARK [2][-]{subsection.3.1}{\(differential and partial differential\)}{section.3}% 15
\BOOKMARK [2][-]{subsection.3.2}{\(chain rule\)}{section.3}% 16
\BOOKMARK [2][-]{subsection.3.3}{\(gradient and Hessian\)}{section.3}% 17
\BOOKMARK [2][-]{subsection.3.4}{\(Taylor's expansion\)}{section.3}% 18
\BOOKMARK [2][-]{subsection.3.5}{\(optiminzation\)}{section.3}% 19
\BOOKMARK [2][-]{subsection.3.6}{\(vector calculus\)}{section.3}% 20
