\BOOKMARK [1][-]{section.1}{乌云漏洞整理}{}% 1
\BOOKMARK [1][-]{section.2}{第一周}{}% 2
\BOOKMARK [2][-]{subsection.2.1}{6/29 中国移动某IP依旧可心脏滴血（可泄露用户服务密码等信息）}{section.2}% 3
\BOOKMARK [2][-]{subsection.2.2}{6/30 TCL某站后台弱口令导致整站webshell部分VIP会员信息泄露}{section.2}% 4
\BOOKMARK [2][-]{subsection.2.3}{7/1 华融证劵某站补丁不及时导致getshell（可内网渗透）}{section.2}% 5
\BOOKMARK [2][-]{subsection.2.4}{7/2 趣分期撞库漏洞（成功98个）}{section.2}% 6
\BOOKMARK [2][-]{subsection.2.5}{7/3 上海虹桥火车站Wi-Fi认证设计不当导致绕过漏洞}{section.2}% 7
\BOOKMARK [1][-]{section.3}{第二周}{}% 8
\BOOKMARK [2][-]{subsection.3.1}{7/6 联想手机VIBE UI部分版本设计缺陷绕过锁屏读所有联系人}{section.3}% 9
\BOOKMARK [2][-]{subsection.3.2}{7/7 墨迹天气可以重置任意用户密码}{section.3}% 10
\BOOKMARK [2][-]{subsection.3.3}{7/8 苏宁易购服务器支持EXP密码套件可SSL FREAK攻击解密通信流量（含poc）}{section.3}% 11
\BOOKMARK [2][-]{subsection.3.4}{7/9 w3cschool.cc菜鸟教程任意代码执行}{section.3}% 12
\BOOKMARK [2][-]{subsection.3.5}{7/10 人人投某漏洞可刷无限瓶饮料过夏天}{section.3}% 13
\BOOKMARK [1][-]{section.4}{第三周}{}% 14
\BOOKMARK [2][-]{subsection.4.1}{7/13 QQ邮箱Android客户端存在存储型跨站脚本攻击漏洞}{section.4}% 15
\BOOKMARK [2][-]{subsection.4.2}{7/14 中科新业网络哨兵跳过验证修改管理员密码}{section.4}% 16
\BOOKMARK [2][-]{subsection.4.3}{7/15 搜狐焦点旗下搜狐家居可劫持任意账号（flash劫持案例）}{section.4}% 17
\BOOKMARK [2][-]{subsection.4.4}{7/16 玉米网域名专业服务平台任意用户重置密码（非爆破）}{section.4}% 18
\BOOKMARK [2][-]{subsection.4.5}{7/17 顺丰海购丰运运费支付支付方式代码漏洞（可获取特殊折扣）}{section.4}% 19
\BOOKMARK [1][-]{section.5}{第四周}{}% 20
\BOOKMARK [2][-]{subsection.5.1}{7/20 申通快递权限设计不当可获取修改全站用户收货地址（大量敏感信息泄漏）}{section.5}% 21
\BOOKMARK [2][-]{subsection.5.2}{7/21 顺丰某处DNS域传送漏洞}{section.5}% 22
\BOOKMARK [2][-]{subsection.5.3}{7/22 北京一路热点信息\(16WiFi\)某配置不当导致源代码泄漏}{section.5}% 23
\BOOKMARK [2][-]{subsection.5.4}{7/23 民生银行某交易可能导致用户资金被盗}{section.5}% 24
\BOOKMARK [2][-]{subsection.5.5}{7/24 腾讯移动端某功能SSRF可探/漫游内网（cloudeye神器案例）}{section.5}% 25
