This is XeTeX, Version 3.1415926-2.3-0.9997.5 (MiKTeX 2.9) (preloaded format=xelatex 2015.1.29)  8 JUL 2015 18:41
entering extended mode
**乌云漏洞整理.tex
(E:\Project-Wuhu\网络安全课程设计\乌云漏洞整理.tex
LaTeX2e <2011/06/27>
Babel <v3.8m> and hyphenation patterns for loaded.
(D:\CTEX\MiKTeX\tex\latex\leptc.cls
Document Class: leptc 
(D:\CTEX\MiKTeX\tex\latex\base\article.cls
Document Class: article 2007/10/19 v1.4h Standard LaTeX document class
(D:\CTEX\MiKTeX\tex\latex\base\size12.clo
File: size12.clo 2007/10/19 v1.4h Standard LaTeX file (size option)
Requested font "cmr12" at 12.0pt
 -> cmr12
)
\c@part=\count80
\c@section=\count81
\c@subsection=\count82
\c@subsubsection=\count83
\c@paragraph=\count84
\c@subparagraph=\count85
\c@figure=\count86
\c@table=\count87
\abovecaptionskip=\skip41
\belowcaptionskip=\skip42
\bibindent=\dimen102
)
(D:\CTEX\MiKTeX\tex\latex\geometry\geometry.sty
Package: geometry 2010/09/12 v5.6 Page Geometry

(D:\CTEX\MiKTeX\tex\latex\graphics\keyval.sty
Package: keyval 1999/03/16 v1.13 key=value parser (DPC)
\KV@toks@=\toks14
)
(D:\CTEX\MiKTeX\tex\generic\oberdiek\ifpdf.sty
Package: ifpdf 2011/01/30 v2.3 Provides the ifpdf switch (HO)
Package ifpdf Info: pdfTeX in PDF mode is not detected.
)
(D:\CTEX\MiKTeX\tex\generic\oberdiek\ifvtex.sty
Package: ifvtex 2010/03/01 v1.5 Switches for detecting VTeX and its modes (HO)
Package ifvtex Info: VTeX not detected.
)
(D:\CTEX\MiKTeX\tex\generic\ifxetex\ifxetex.sty
Package: ifxetex 2010/09/12 v0.6 Provides ifxetex conditional
)
\Gm@cnth=\count88
\Gm@cntv=\count89
\c@Gm@tempcnt=\count90
\Gm@bindingoffset=\dimen103
\Gm@wd@mp=\dimen104
\Gm@odd@mp=\dimen105
\Gm@even@mp=\dimen106
\Gm@layoutwidth=\dimen107
\Gm@layoutheight=\dimen108
\Gm@layouthoffset=\dimen109
\Gm@layoutvoffset=\dimen110
\Gm@dimlist=\toks15

(D:\CTEX\MiKTeX\tex\xelatex\xetexconfig\geometry.cfg))
(D:\CTEX\MiKTeX\tex\latex\enumitem\enumitem.sty
Package: enumitem 2011/09/28 v3.5.2 Customized lists
\labelindent=\skip43
\enit@outerparindent=\dimen111
\enit@toks=\toks16
\enit@inbox=\box26
\enitdp@description=\count91
)
(D:\CTEX\MiKTeX\tex\latex\tools\tabularx.sty
Package: tabularx 1999/01/07 v2.07 `tabularx' package (DPC)

(D:\CTEX\MiKTeX\tex\latex\tools\array.sty
Package: array 2008/09/09 v2.4c Tabular extension package (FMi)
\col@sep=\dimen112
\extrarowheight=\dimen113
\NC@list=\toks17
\extratabsurround=\skip44
\backup@length=\skip45
)
\TX@col@width=\dimen114
\TX@old@table=\dimen115
\TX@old@col=\dimen116
\TX@target=\dimen117
\TX@delta=\dimen118
\TX@cols=\count92
\TX@ftn=\toks18
)
(D:\CTEX\MiKTeX\tex\latex\multirow\multirow.sty
\bigstrutjot=\dimen119
)
(D:\CTEX\MiKTeX\tex\latex\caption\subcaption.sty
Package: subcaption 2011/10/30 v1.1c Sub-captions (AR)

(D:\CTEX\MiKTeX\tex\latex\caption\caption.sty
Package: caption 2011/11/10 v3.2e Customizing captions (AR)

(D:\CTEX\MiKTeX\tex\latex\caption\caption3.sty
Package: caption3 2011/11/01 v1.4a caption3 kernel (AR)
\captionmargin=\dimen120
\captionmargin@=\dimen121
\captionwidth=\dimen122
\caption@indent=\dimen123
\caption@parindent=\dimen124
\caption@hangindent=\dimen125
)
\c@ContinuedFloat=\count93
)
\c@subfigure=\count94
\c@subtable=\count95
)
(D:\CTEX\MiKTeX\tex\latex\fontspec\fontspec.sty
Package: fontspec 2011/09/18 v2.2a Advanced font selection for XeLaTeX/LuaLaTeX


(D:\CTEX\MiKTeX\tex\latex\l3kernel\expl3.sty
(D:\CTEX\MiKTeX\tex\latex\l3kernel\l3names.sty
(D:\CTEX\MiKTeX\tex\latex\l3kernel\l3bootstrap.sty
Package: l3bootstrap 2011/12/29 v3110 L3 Experimental bootstrap code
)
Package: l3names 2011/12/30 v3113 L3 Experimental namespace for primitives
)
(D:\CTEX\MiKTeX\tex\latex\misc\etex.sty
Package: etex 2015/03/02 v2.1 eTeX basic definition package (PEB,DPC)
\et@xins=\count96
)
Package: expl3 2012/02/26 v3471 L3 Experimental code bundle wrapper

(D:\CTEX\MiKTeX\tex\latex\graphics\color.sty
Package: color 2005/11/14 v1.0j Standard LaTeX Color (DPC)

(D:\CTEX\MiKTeX\tex\latex\00miktex\color.cfg
File: color.cfg 2007/01/18 v1.5 color configuration of teTeX/TeXLive
)
Package color Info: Driver file: xetex.def on input line 130.

(D:\CTEX\MiKTeX\tex\xelatex\xetex-def\xetex.def
File: xetex.def 2009/11/22 v0.94 LaTeX color/graphics driver for XeTeX (RRM/JK)

))
(D:\CTEX\MiKTeX\tex\latex\graphics\graphics.sty
Package: graphics 2009/02/05 v1.0o Standard LaTeX Graphics (DPC,SPQR)

(D:\CTEX\MiKTeX\tex\latex\graphics\trig.sty
Package: trig 1999/03/16 v1.09 sin cos tan (DPC)
)
(D:\CTEX\MiKTeX\tex\latex\00miktex\graphics.cfg
File: graphics.cfg 2007/01/18 v1.5 graphics configuration of teTeX/TeXLive
)
Package graphics Info: Driver file: xetex.def on input line 91.
)
(D:\CTEX\MiKTeX\tex\latex\l3kernel\l3basics.sty
Package: l3basics 2012/02/26 v3460 L3 Experimental basic definitions
)
(D:\CTEX\MiKTeX\tex\latex\l3kernel\l3expan.sty
Package: l3expan 2012/02/26 v3460 L3 Experimental argument expansion
)
(D:\CTEX\MiKTeX\tex\latex\l3kernel\l3tl.sty
Package: l3tl 2012/02/26 v3460 L3 Experimental token lists
)
(D:\CTEX\MiKTeX\tex\latex\l3kernel\l3seq.sty
Package: l3seq 2012/01/09 v3158 L3 Experimental sequences and stacks
)
(D:\CTEX\MiKTeX\tex\latex\l3kernel\l3int.sty
Package: l3int 2012/02/26 v3460 L3 Experimental integers
\c_max_int=\count97
\l_tmpa_int=\count98
\l_tmpb_int=\count99
\l_tmpc_int=\count100
\g_tmpa_int=\count101
\g_tmpb_int=\count102
)
(D:\CTEX\MiKTeX\tex\latex\l3kernel\l3quark.sty
Package: l3quark 2012/02/12 v3384 L3 Experimental quarks
)
(D:\CTEX\MiKTeX\tex\latex\l3kernel\l3prg.sty
Package: l3prg 2012/02/26 v3464 L3 Experimental control structures
\g_prg_map_int=\count103
)
(D:\CTEX\MiKTeX\tex\latex\l3kernel\l3clist.sty
Package: l3clist 2012/02/26 v3460 L3 Experimental comma separated lists
)
(D:\CTEX\MiKTeX\tex\latex\l3kernel\l3token.sty
Package: l3token 2012/02/26 v3460 L3 Experimental token manipulation
)
(D:\CTEX\MiKTeX\tex\latex\l3kernel\l3prop.sty
Package: l3prop 2012/02/26 v3460 L3 Experimental property lists
)
(D:\CTEX\MiKTeX\tex\latex\l3kernel\l3msg.sty
Package: l3msg 2012/02/26 v3470 L3 Experimental messages
)
(D:\CTEX\MiKTeX\tex\latex\l3kernel\l3file.sty
Package: l3file 2012/02/26 v3464 L3 Experimental file and I/O operations
\l_iow_stream_int=\count104
\l_iow_line_length_int=\count105
\l_iow_target_length_int=\count106
\l_iow_current_line_int=\count107
\l_iow_current_word_int=\count108
\l_iow_current_indentation_int=\count109
)
(D:\CTEX\MiKTeX\tex\latex\l3kernel\l3skip.sty
Package: l3skip 2012/02/26 v3460 L3 Experimental dimensions and skips
\l_tmpa_dim=\dimen126
\l_tmpb_dim=\dimen127
\l_tmpc_dim=\dimen128
\g_tmpa_dim=\dimen129
\g_tmpb_dim=\dimen130
\l_tmpa_skip=\skip46
\l_tmpb_skip=\skip47
\l_tmpc_skip=\skip48
\g_tmpa_skip=\skip49
\g_tmpb_skip=\skip50
)
(D:\CTEX\MiKTeX\tex\latex\l3kernel\l3keys.sty
Package: l3keys 2011/12/22 v3086 L3 Experimental key-value interfaces
\g_keyval_level_int=\count110
\l_keys_choice_int=\count111
)
(D:\CTEX\MiKTeX\tex\latex\l3kernel\l3fp.sty
Package: l3fp 2012/02/06 v3315 L3 Experimental floating-point operations
\c_one_hundred_million=\count112
\c_five_hundred_million=\count113
\c_one_thousand_million=\count114
\c_fp_pi_by_four_decimal_int=\count115
\c_fp_pi_by_four_extended_int=\count116
\c_fp_pi_decimal_int=\count117
\c_fp_pi_extended_int=\count118
\c_fp_two_pi_decimal_int=\count119
\c_fp_two_pi_extended_int=\count120
\l_fp_count_int=\count121
\l_fp_div_offset_int=\count122
\l_fp_exp_integer_int=\count123
\l_fp_exp_decimal_int=\count124
\l_fp_exp_extended_int=\count125
\l_fp_exp_exponent_int=\count126
\l_fp_input_a_sign_int=\count127
\l_fp_input_a_integer_int=\count128
\l_fp_input_a_decimal_int=\count129
\l_fp_input_a_exponent_int=\count130
\l_fp_input_b_sign_int=\count131
\l_fp_input_b_integer_int=\count132
\l_fp_input_b_decimal_int=\count133
\l_fp_input_b_exponent_int=\count134
\l_fp_input_a_extended_int=\count135
\l_fp_input_b_extended_int=\count136
\l_fp_mul_a_i_int=\count137
\l_fp_mul_a_ii_int=\count138
\l_fp_mul_a_iii_int=\count139
\l_fp_mul_a_iv_int=\count140
\l_fp_mul_a_v_int=\count141
\l_fp_mul_a_vi_int=\count142
\l_fp_mul_b_i_int=\count143
\l_fp_mul_b_ii_int=\count144
\l_fp_mul_b_iii_int=\count145
\l_fp_mul_b_iv_int=\count146
\l_fp_mul_b_v_int=\count147
\l_fp_mul_b_vi_int=\count148
\l_fp_mul_output_int=\count149
\l_fp_output_sign_int=\count150
\l_fp_output_integer_int=\count151
\l_fp_output_decimal_int=\count152
\l_fp_output_exponent_int=\count153
\l_fp_output_extended_int=\count154
\l_fp_round_position_int=\count155
\l_fp_round_target_int=\count156
\l_fp_split_sign_int=\count157
\l_fp_internal_int=\count158
\l_fp_trig_octant_int=\count159
\l_fp_trig_sign_int=\count160
\l_fp_trig_decimal_int=\count161
\l_fp_trig_extended_int=\count162
\l_fp_internal_dim=\dimen131
\l_fp_internal_skip=\skip51
)
(D:\CTEX\MiKTeX\tex\latex\l3kernel\l3box.sty
Package: l3box 2012/02/18 v3432 L3 Experimental boxes
\l_tmpb_box=\box27
\l_box_top_dim=\dimen132
\l_box_bottom_dim=\dimen133
\l_box_left_dim=\dimen134
\l_box_right_dim=\dimen135
\l_box_top_new_dim=\dimen136
\l_box_bottom_new_dim=\dimen137
\l_box_left_new_dim=\dimen138
\l_box_right_new_dim=\dimen139
\l_box_internal_box=\box28
)
(D:\CTEX\MiKTeX\tex\latex\l3kernel\l3coffins.sty
Package: l3coffins 2012/02/26 v3460 L3 Experimental coffin code layer
\l_coffin_internal_box=\box29
\l_coffin_internal_dim=\dimen140
\l_coffin_offset_x_dim=\dimen141
\l_coffin_offset_y_dim=\dimen142
\l_coffin_x_dim=\dimen143
\l_coffin_y_dim=\dimen144
\l_coffin_x_prime_dim=\dimen145
\l_coffin_y_prime_dim=\dimen146
\l_coffin_Depth_dim=\dimen147
\l_coffin_Height_dim=\dimen148
\l_coffin_TotalHeight_dim=\dimen149
\l_coffin_Width_dim=\dimen150
\c_empty_coffin=\box30
\l_coffin_aligned_coffin=\box31
\l_coffin_aligned_internal_coffin=\box32
\l_coffin_bounding_shift_dim=\dimen151
\l_coffin_left_corner_dim=\dimen152
\l_coffin_right_corner_dim=\dimen153
\l_coffin_bottom_corner_dim=\dimen154
\l_coffin_top_corner_dim=\dimen155
\l_coffin_scaled_total_height_dim=\dimen156
\l_coffin_scaled_width_dim=\dimen157
\l_coffin_display_coffin=\box33
\l_coffin_display_coord_coffin=\box34
\l_coffin_display_pole_coffin=\box35
\l_coffin_display_offset_dim=\dimen158
\l_coffin_display_x_dim=\dimen159
\l_coffin_display_y_dim=\dimen160
)
(D:\CTEX\MiKTeX\tex\latex\l3kernel\l3color.sty
Package: l3color 2011/09/07 v2776 L3 Experimental colour support
)
(D:\CTEX\MiKTeX\tex\latex\l3kernel\l3luatex.sty
Package: l3luatex 2012/02/09 v3355 L3 Experimental LuaTeX-specific functions
\g_cctab_allocate_int=\count163
\g_cctab_stack_int=\count164
))
(D:\CTEX\MiKTeX\tex\latex\l3packages\xparse\xparse.sty
Package: xparse 2012/02/26 v3471 L3 Experimental document command parser
\l_xparse_current_arg_int=\count165
\l_xparse_m_args_int=\count166
\l_xparse_mandatory_args_int=\count167
\l_xparse_processor_int=\count168
\l_xparse_v_nesting_int=\count169
)
\l_fontspec_script_int=\count170
\l_fontspec_language_int=\count171
\l_fontspec_strnum_int=\count172
\l_fontspec_tmpa_dim=\dimen161
\l_fontspec_tmpb_dim=\dimen162
\l_fontspec_tmpc_dim=\dimen163
Variant \tl_gset:cV already defined; not changing it on line 66

(D:\CTEX\MiKTeX\tex\latex\fontspec\fontspec-patches.sty
Package: fontspec-patches 2011/09/18 v2.2a Advanced font selection for XeLaTeX/
LuaLaTeX

(D:\CTEX\MiKTeX\tex\latex\base\fixltx2e.sty
Package: fixltx2e 2006/09/13 v1.1m fixes to LaTeX
LaTeX Info: Redefining \em on input line 420.
)
LaTeX Info: Redefining \em on input line 22.
LaTeX Info: Redefining \emph on input line 29.
LaTeX Info: Redefining \- on input line 32.

*************************************************
* LaTeX warning: "xparse/redefine-command"
* 
* Redefining document command \oldstylenums with arg. spec. 'm' on line 107.
*************************************************
.................................................
. LaTeX info: "xparse/define-command"
. 
. Defining document command \liningnums with arg. spec. 'm' on line 111.
.................................................
) (D:\CTEX\MiKTeX\tex\latex\fontspec\fontspec-xetex.sty
Package: fontspec-xetex 2011/09/18 v2.2a Advanced font selection for XeLaTeX/Lu
aLaTeX

(D:\CTEX\MiKTeX\tex\latex\base\fontenc.sty
Package: fontenc 2005/09/27 v1.99g Standard LaTeX package

(D:\CTEX\MiKTeX\tex\latex\euenc\eu1enc.def
File: eu1enc.def 2010/05/27 v0.1h Experimental Unicode font encodings
)
LaTeX Font Info:    Try loading font information for EU1+lmr on input line 100.


(D:\CTEX\MiKTeX\tex\latex\euenc\eu1lmr.fd
File: eu1lmr.fd 2009/10/30 v1.6 Font defs for Latin Modern
)
Requested font "[lmroman10-regular]:mapping=tex-text" at 10.0pt
 -> D:/CTEX/MiKTeX/fonts/opentype/public/lm/lmroman10-regular.otf
)
(D:\CTEX\MiKTeX\tex\xelatex\xunicode\xunicode.sty
File: xunicode.sty 2011/09/09 v0.981 provides access to latin accents and many 
other characters in Unicode lower plane

(D:\CTEX\MiKTeX\tex\latex\tipa\t3enc.def
File: t3enc.def 2001/12/31 T3 encoding
Requested font "[lmromanslant10-regular]:mapping=tex-text" at 10.0pt
 -> D:/CTEX/MiKTeX/fonts/opentype/public/lm/lmromanslant10-regular.otf
Requested font "[lmroman10-italic]:mapping=tex-text" at 10.0pt
 -> D:/CTEX/MiKTeX/fonts/opentype/public/lm/lmroman10-italic.otf
Requested font "[lmroman10-bold]:mapping=tex-text" at 10.0pt
 -> D:/CTEX/MiKTeX/fonts/opentype/public/lm/lmroman10-bold.otf
LaTeX Font Info:    Try loading font information for EU1+lmss on input line 357
.

(D:\CTEX\MiKTeX\tex\latex\euenc\eu1lmss.fd
File: eu1lmss.fd 2009/10/30 v1.6 Font defs for Latin Modern
)
Requested font "[lmsans10-regular]:mapping=tex-text" at 10.0pt
 -> D:/CTEX/MiKTeX/fonts/opentype/public/lm/lmsans10-regular.otf
)
\tipaTiiicode=\count173
\tipasavetokens=\toks19
\tipachecktokens=\toks20

(D:\CTEX\MiKTeX\tex\latex\graphics\graphicx.sty
Package: graphicx 1999/02/16 v1.0f Enhanced LaTeX Graphics (DPC,SPQR)
\Gin@req@height=\dimen164
\Gin@req@width=\dimen165
))
.................................................
. LaTeX info: "xparse/define-command"
. 
. Defining document command \fontspec with arg. spec. 'O{}m' on line 39.
.................................................
.................................................
. LaTeX info: "xparse/define-command"
. 
. Defining document command \setmainfont with arg. spec. 'O{}m' on line 43.
.................................................
.................................................
. LaTeX info: "xparse/define-command"
. 
. Defining document command \setsansfont with arg. spec. 'O{}m' on line 47.
.................................................
.................................................
. LaTeX info: "xparse/define-command"
. 
. Defining document command \setmonofont with arg. spec. 'O{}m' on line 51.
.................................................
.................................................
. LaTeX info: "xparse/define-command"
. 
. Defining document command \setmathrm with arg. spec. 'O{}m' on line 59.
.................................................
.................................................
. LaTeX info: "xparse/define-command"
. 
. Defining document command \setboldmathrm with arg. spec. 'O{}m' on line 62.
.................................................
.................................................
. LaTeX info: "xparse/define-command"
. 
. Defining document command \setmathsf with arg. spec. 'O{}m' on line 65.
.................................................
.................................................
. LaTeX info: "xparse/define-command"
. 
. Defining document command \setmathtt with arg. spec. 'O{}m' on line 68.
.................................................
.................................................
. LaTeX info: "xparse/define-command"
. 
. Defining document command \newfontfamily with arg. spec. 'mO{}m' on line 84.
.................................................
.................................................
. LaTeX info: "xparse/define-command"
. 
. Defining document command \newfontface with arg. spec. 'mO{}m' on line 87.
.................................................
.................................................
. LaTeX info: "xparse/define-command"
. 
. Defining document command \defaultfontfeatures with arg. spec. 'm' on line
. 91.
.................................................
.................................................
. LaTeX info: "xparse/define-command"
. 
. Defining document command \addfontfeatures with arg. spec. 'm' on line 107.
.................................................
.................................................
. LaTeX info: "xparse/define-command"
. 
. Defining document command \newfontfeature with arg. spec. 'mm' on line 118.
.................................................
.................................................
. LaTeX info: "xparse/define-command"
. 
. Defining document command \newAATfeature with arg. spec. 'mmmm' on line 125.
.................................................
.................................................
. LaTeX info: "xparse/define-command"
. 
. Defining document command \newICUfeature with arg. spec. 'mmm' on line 132.
.................................................
.................................................
. LaTeX info: "xparse/define-command"
. 
. Defining document command \aliasfontfeature with arg. spec. 'mm' on line
. 159.
.................................................
.................................................
. LaTeX info: "xparse/define-command"
. 
. Defining document command \aliasfontfeatureoption with arg. spec. 'mmm' on
. line 164.
.................................................
.................................................
. LaTeX info: "xparse/define-command"
. 
. Defining document command \newfontscript with arg. spec. 'mm' on line 169.
.................................................
.................................................
. LaTeX info: "xparse/define-command"
. 
. Defining document command \newfontlanguage with arg. spec. 'mm' on line 192.
.................................................
.................................................
. LaTeX info: "xparse/define-command"
. 
. Defining document command \DeclareFontsExtensions with arg. spec. 'm' on
. line 211.
.................................................
Variant \prop_gput:cnV already defined; not changing it on line 485
Variant \prop_gput:cnx already defined; not changing it on line 486
Variant \keys_set:nx already defined; not changing it on line 963
\c@fontspec_tmp_int=\count174
LaTeX Info: Redefining \itshape on input line 1881.
LaTeX Info: Redefining \slshape on input line 1885.
LaTeX Info: Redefining \scshape on input line 1889.
LaTeX Info: Redefining \upshape on input line 1893.

(D:\CTEX\MiKTeX\tex\latex\fontspec\fontspec.cfg)))
(D:\CTEX\MiKTeX\tex\latex\amsfonts\amsfonts.sty
Package: amsfonts 2009/06/22 v3.00 Basic AMSFonts support
\@emptytoks=\toks21
\symAMSa=\mathgroup4
\symAMSb=\mathgroup5
LaTeX Font Info:    Overwriting math alphabet `\mathfrak' in version `bold'
(Font)                  U/euf/m/n --> U/euf/b/n on input line 96.
)
(D:\CTEX\MiKTeX\tex\latex\amsmath\amsmath.sty
Package: amsmath 2013/01/14 v2.14 AMS math features
\@mathmargin=\skip52

For additional information on amsmath, use the `?' option.
(D:\CTEX\MiKTeX\tex\latex\amsmath\amstext.sty
Package: amstext 2000/06/29 v2.01

(D:\CTEX\MiKTeX\tex\latex\amsmath\amsgen.sty
File: amsgen.sty 1999/11/30 v2.0
\@emptytoks=\toks22
\ex@=\dimen166
))
(D:\CTEX\MiKTeX\tex\latex\amsmath\amsbsy.sty
Package: amsbsy 1999/11/29 v1.2d
\pmbraise@=\dimen167
)
(D:\CTEX\MiKTeX\tex\latex\amsmath\amsopn.sty
Package: amsopn 1999/12/14 v2.01 operator names
)
\inf@bad=\count175
LaTeX Info: Redefining \frac on input line 210.
\uproot@=\count176
\leftroot@=\count177
LaTeX Info: Redefining \overline on input line 306.
\classnum@=\count178
\DOTSCASE@=\count179
LaTeX Info: Redefining \ldots on input line 378.
LaTeX Info: Redefining \dots on input line 381.
LaTeX Info: Redefining \cdots on input line 466.
\Mathstrutbox@=\box36
\strutbox@=\box37
\big@size=\dimen168
LaTeX Font Info:    Redeclaring font encoding OML on input line 566.
LaTeX Font Info:    Redeclaring font encoding OMS on input line 567.
\macc@depth=\count180
\c@MaxMatrixCols=\count181
\dotsspace@=\muskip10
\c@parentequation=\count182
\dspbrk@lvl=\count183
\tag@help=\toks23
\row@=\count184
\column@=\count185
\maxfields@=\count186
\andhelp@=\toks24
\eqnshift@=\dimen169
\alignsep@=\dimen170
\tagshift@=\dimen171
\tagwidth@=\dimen172
\totwidth@=\dimen173
\lineht@=\dimen174
\@envbody=\toks25
\multlinegap=\skip53
\multlinetaggap=\skip54
\mathdisplay@stack=\toks26
LaTeX Info: Redefining \[ on input line 2665.
LaTeX Info: Redefining \] on input line 2666.
)
(D:\CTEX\MiKTeX\tex\latex\amsfonts\amssymb.sty
Package: amssymb 2009/06/22 v3.00
)
(D:\CTEX\MiKTeX\tex\latex\mathdesign\mathdesign.sty
Package: mathdesign 2006/01/29 v1.55 Math Design Project

(D:\CTEX\MiKTeX\tex\latex\base\ifthen.sty
Package: ifthen 2001/05/26 v1.1c Standard LaTeX ifthen package (DPC)
)

Package mathdesign Warning: No font specified on input line 145.


Package mathdesign Warning: `adobe-fangsong' option not defined. on input line 
147.

(D:\CTEX\MiKTeX\tex\latex\base\fontenc.sty
Package: fontenc 2005/09/27 v1.99g Standard LaTeX package

(D:\CTEX\MiKTeX\tex\latex\base\t1enc.def
File: t1enc.def 2005/09/27 v1.99g Standard LaTeX file
LaTeX Font Info:    Redeclaring font encoding T1 on input line 43.
)
LaTeX Font Info:    Try loading font information for T1+lmr on input line 100.
 (D:\CTEX\MiKTeX\tex\latex\lm\t1lmr.fd
File: t1lmr.fd 2009/10/30 v1.6 Font defs for Latin Modern
)
Requested font "ec-lmr10" at 10.0pt
 -> ec-lmr10
)) (D:\CTEX\MiKTeX\tex\latex\jknappen\mathrsfs.sty
Package: mathrsfs 1996/01/01 Math RSFS package v1.0 (jk)
\symrsfs=\mathgroup6
)
(D:\CTEX\MiKTeX\tex\latex\dtk\dtklogos.sty
Package: dtklogos 2010/06/19 1.9b gene
LaTeX Info: Redefining \XeTeX on input line 282.
LaTeX Info: Redefining \XeLaTeX on input line 291.
)
(D:\CTEX\MiKTeX\tex\xelatex\xecjk\xeCJK.sty
Package: xeCJK 2012/01/31 2.4.5 package for typesetting CJK scripts with XeLaTe
X

(D:\CTEX\MiKTeX\tex\latex\xkeyval\xkeyval.sty
Package: xkeyval 2008/08/13 v2.6a package option processing (HA)

(D:\CTEX\MiKTeX\tex\generic\xkeyval\xkeyval.tex
\XKV@toks=\toks27
\XKV@tempa@toks=\toks28
\XKV@depth=\count187
File: xkeyval.tex 2008/08/13 v2.6a key=value parser (HA)
))
\xeCJK@cnta=\count188
\xeCJK@cntb=\count189
\xeCJK@cntc=\count190
\xeCJK@cntd=\count191
\xeCJK@cnte=\count192
\xeCJK@dima=\dimen175
LaTeX Info: Redefining \normalfont on input line 886.
LaTeX Info: Redefining \rmfamily on input line 895.
LaTeX Info: Redefining \sffamily on input line 899.
LaTeX Info: Redefining \ttfamily on input line 903.
\xeCJK@featureadded=\count193
\g_xecjk_exspace_dim=\dimen176
)
Requested font "Times New Roman" at 10.0pt
 -> C:/WINDOWS/Fonts/times.ttf
Requested font "Times New Roman/ICU" at 10.0pt
 -> C:/WINDOWS/Fonts/times.ttf
\g_fontspec_family_Times New Roman_int=\count194
Requested font "Times New Roman/B/ICU" at 10.0pt
 -> C:/WINDOWS/Fonts/timesbd.ttf
Requested font "Times New Roman/B/B/ICU" at 10.0pt
 -> C:/WINDOWS/Fonts/timesbd.ttf
Requested font "Times New Roman/I/ICU" at 10.0pt
 -> C:/WINDOWS/Fonts/timesi.ttf
Requested font "Times New Roman/I/I/ICU" at 10.0pt
 -> C:/WINDOWS/Fonts/timesi.ttf
Requested font "Times New Roman/BI/ICU" at 10.0pt
 -> C:/WINDOWS/Fonts/timesbi.ttf
Requested font "Times New Roman/BI/BI/ICU" at 10.0pt
 -> C:/WINDOWS/Fonts/timesbi.ttf
.................................................
. fontspec info: "defining-font"
. 
. Font family 'TimesNewRoman(0)' created for font 'Times New Roman' with
. options [].
. 
. This font family consists of the following shapes:
. 
. * 'normal' with NFSS spec.:
. <->"Times New Roman/ICU:script=latn;language=DFLT;"
. 
. * 'small caps' with NFSS spec.:
. <->"Times New Roman/ICU:script=latn;language=DFLT;+smcp;"
. 
. * 'bold' with NFSS spec.:
. <->"Times New Roman/B/ICU:script=latn;language=DFLT;"
. 
. * 'bold small caps' with NFSS spec.:
. <->"Times New Roman/B/ICU:script=latn;language=DFLT;+smcp;"
. 
. * 'italic' with NFSS spec.:
. <->"Times New Roman/I/ICU:script=latn;language=DFLT;"
. 
. * 'italic small caps' with NFSS spec.:
. <->"Times New Roman/I/ICU:script=latn;language=DFLT;+smcp;"
. 
. * 'bold italic' with NFSS spec.:
. <->"Times New Roman/BI/ICU:script=latn;language=DFLT;"
. 
. * 'bold italic small caps' with NFSS spec.:
. <->"Times New Roman/BI/ICU:script=latn;language=DFLT;+smcp;"
.................................................
LaTeX Font Info:    Try loading font information for T1+TimesNewRoman(0) on inp
ut line 80.
LaTeX Font Info:    No file T1TimesNewRoman(0).fd. on input line 80.


LaTeX Font Warning: Font shape `T1/TimesNewRoman(0)/m/n' undefined
(Font)              using `T1/cmr/m/n' instead on input line 80.

Requested font "ecrm1000" at 10.0pt
 -> ecrm1000
(D:\CTEX\MiKTeX\tex\latex\titlesec\titlesec.sty
Package: titlesec 2011/12/15 v2.10.0 Sectioning titles
\ttl@box=\box38
\beforetitleunit=\skip55
\aftertitleunit=\skip56
\ttl@plus=\dimen177
\ttl@minus=\dimen178
\ttl@toksa=\toks29
\titlewidth=\dimen179
\titlewidthlast=\dimen180
\titlewidthfirst=\dimen181
)
(D:\CTEX\MiKTeX\tex\latex\leptc.sty
Package: leptc 
 (D:\CTEX\MiKTeX\tex\latex\cjk\ruby.sty
Package: ruby 2008/12/29 4.8.2
\ruby@width=\dimen182
)
(D:\CTEX\MiKTeX\tex\latex\tools\calc.sty
Package: calc 2007/08/22 v4.3 Infix arithmetic (KKT,FJ)
\calc@Acount=\count195
\calc@Bcount=\count196
\calc@Adimen=\dimen183
\calc@Bdimen=\dimen184
\calc@Askip=\skip57
\calc@Bskip=\skip58
LaTeX Info: Redefining \setlength on input line 76.
LaTeX Info: Redefining \addtolength on input line 77.
\calc@Ccount=\count197
\calc@Cskip=\skip59
)
(D:\CTEX\MiKTeX\tex\latex\oberdiek\letltxmacro.sty
Package: letltxmacro 2010/09/02 v1.4 Let assignment for LaTeX macros (HO)
)
(D:\CTEX\MiKTeX\tex\latex\xifthen\xifthen.sty
Package: xifthen 2009/04/17 v1.3 Extended ifthen features

(D:\CTEX\MiKTeX\tex\latex\ifmtarg\ifmtarg.sty
Package: ifmtarg 2009/09/02 v1.2a check for an empty argument
))
(D:\CTEX\MiKTeX\tex\latex\esvect\esvect.sty
Package: esvect 
\symesvector=\mathgroup7
LaTeX Font Info:    Redeclaring math symbol \fldr on input line 38.
)
(D:\CTEX\MiKTeX\tex\latex\arydshln\arydshln.sty
Package: arydshln 2004/08/31 v1.71 
\dashlinedash=\dimen185
\dashlinegap=\dimen186
\adl@box=\box39
\adl@height=\dimen187
\adl@heightsave=\dimen188
\adl@depth=\dimen189
\adl@depthsave=\dimen190
\adl@finaldepth=\dimen191
\adl@columns=\count198
\adl@ncol=\count199
\adl@currentcolumn=\count200
\adl@currentcolumnsave=\count201
Normal \count register pool exhausted, switching to extended pool.
\adl@totalheight=\count277
\adl@totalheightsave=\count278
\adl@dash=\count279
\adl@gap=\count280
\adl@cla=\count281
\adl@clb=\count282
\adl@everyvbox=\toks30
\adl@LTpagetotal=\dimen192
)
(D:\CTEX\MiKTeX\tex\latex\ytableau\ytableau.sty
Package: ytableau 2011/01/31 v1.1 Many-featured Young tableaux and Young diagra
ms
\tableaux@YT=\box40
\thistableau@YT=\box41
\refhtdp@YT=\box42
Requested font "cmex7" at 7.0pt
 -> cmex7
Requested font "cmex7" at 5.0pt
 -> cmex7
LaTeX Font Info:    Try loading font information for U+msa on input line 31.

(D:\CTEX\MiKTeX\tex\latex\amsfonts\umsa.fd
File: umsa.fd 2009/06/22 v3.00 AMS symbols A
)
Requested font "msam10" at 10.0pt
 -> msam10
Requested font "msam7" at 7.0pt
 -> msam7
Requested font "msam5" at 5.0pt
 -> msam5
LaTeX Font Info:    Try loading font information for U+msb on input line 31.

(D:\CTEX\MiKTeX\tex\latex\amsfonts\umsb.fd
File: umsb.fd 2009/06/22 v3.00 AMS symbols B
)
Requested font "msbm10" at 10.0pt
 -> msbm10
Requested font "msbm7" at 7.0pt
 -> msbm7
Requested font "msbm5" at 5.0pt
 -> msbm5
LaTeX Font Info:    Try loading font information for U+rsfs on input line 31.

(D:\CTEX\MiKTeX\tex\latex\jknappen\ursfs.fd
File: ursfs.fd 1998/03/24 rsfs font definition file (jk)
)
Requested font "rsfs10" at 10.0pt
 -> rsfs10
Requested font "rsfs7" at 7.0pt
 -> rsfs7
Requested font "rsfs5" at 5.0pt
 -> rsfs5
LaTeX Font Info:    Try loading font information for U+esvect on input line 31.


(D:\CTEX\MiKTeX\tex\latex\esvect\uesvect.fd
File: uesvect.fd 
)
Requested font "vect10" at 10.0pt
 -> vect10
Requested font "vect7" at 7.0pt
 -> vect7
Requested font "vect5" at 5.0pt
 -> vect5
\toks@YT=\toks31
\opttoksa@YT=\toks32
\opttoksb@YT=\toks33
\boxdim@normal@YT=\dimen193
\boxdim@save@YT=\dimen194
\boxdim@YT=\dimen195
\tableauwd@YT=\dimen196
\boxframe@YT=\dimen197
\count@YT=\count283

(D:\CTEX\MiKTeX\tex\latex\xcolor\xcolor.sty
Package: xcolor 2007/01/21 v2.11 LaTeX color extensions (UK)

(D:\CTEX\MiKTeX\tex\latex\00miktex\color.cfg
File: color.cfg 2007/01/18 v1.5 color configuration of teTeX/TeXLive
)
Package xcolor Info: Driver file: xetex.def on input line 225.
LaTeX Info: Redefining \color on input line 702.
Package xcolor Info: Model `cmy' substituted by `cmy0' on input line 1337.
Package xcolor Info: Model `RGB' extended on input line 1353.
Package xcolor Info: Model `HTML' substituted by `rgb' on input line 1355.
Package xcolor Info: Model `Hsb' substituted by `hsb' on input line 1356.
Package xcolor Info: Model `tHsb' substituted by `hsb' on input line 1357.
Package xcolor Info: Model `HSB' substituted by `hsb' on input line 1358.
Package xcolor Info: Model `Gray' substituted by `gray' on input line 1359.
Package xcolor Info: Model `wave' substituted by `hsb' on input line 1360.
))
(D:\CTEX\MiKTeX\tex\latex\float\float.sty
Package: float 2001/11/08 v1.3d Float enhancements (AL)
\c@float@type=\count284
\float@exts=\toks34
\float@box=\box43
\@float@everytoks=\toks35
\@floatcapt=\box44
)
(D:\CTEX\MiKTeX\tex\latex\sttools\stfloats.sty
Package: stfloats 1999/10/22
\@dblbotnum=\count285
\c@dblbotnumber=\count286
)
(D:\CTEX\MiKTeX\tex\latex\listings\listings.sty
\lst@mode=\count287
\lst@gtempboxa=\box45
\lst@token=\toks36
\lst@length=\count288
\lst@currlwidth=\dimen198
\lst@column=\count289
\lst@pos=\count290
\lst@lostspace=\dimen199
\lst@width=\dimen200
\lst@newlines=\count291
\lst@lineno=\count292
\lst@maxwidth=\dimen201

(D:\CTEX\MiKTeX\tex\latex\listings\lstmisc.sty
File: lstmisc.sty 2007/02/22 1.4 (Carsten Heinz)
\c@lstnumber=\count293
\lst@skipnumbers=\count294
\lst@framebox=\box46
)
(D:\CTEX\MiKTeX\tex\latex\listings\listings.cfg
File: listings.cfg 2007/02/22 1.4 listings configuration
))
Package: listings 2007/02/22 1.4 (Carsten Heinz)

(D:\CTEX\MiKTeX\tex\latex\braket\braket.sty)
(D:\CTEX\MiKTeX\tex\latex\wasysym\wasysym.sty
Package: wasysym 2003/10/30 v2.0 Wasy-2 symbol support package
\symwasy=\mathgroup8
LaTeX Font Info:    Overwriting symbol font `wasy' in version `bold'
(Font)                  U/wasy/m/n --> U/wasy/b/n on input line 90.
)
(D:\CTEX\MiKTeX\tex\latex\esint\esint.sty
Package: esint 
\symlargesymbolsA=\mathgroup9
)
(D:\CTEX\MiKTeX\tex\latex\extarrows\extarrows.sty
Package: extarrows 2008/05/15 v1.0b Some extensible arrows
)
(D:\CTEX\MiKTeX\tex\latex\carlisle\slashed.sty
Package: slashed 1997/01/16 v0.01 Feynman Slashed Character Notation (DPC)
)
(D:\CTEX\MiKTeX\tex\latex\hyperref\hyperref.sty
Package: hyperref 2012/02/06 v6.82o Hypertext links for LaTeX

(D:\CTEX\MiKTeX\tex\generic\oberdiek\hobsub-hyperref.sty
Package: hobsub-hyperref 2011/04/23 v1.4 Bundle oberdiek, subset hyperref (HO)

(D:\CTEX\MiKTeX\tex\generic\oberdiek\hobsub-generic.sty
Package: hobsub-generic 2011/04/23 v1.4 Bundle oberdiek, subset generic (HO)
Package: hobsub 2011/04/23 v1.4 Subsetting bundle oberdiek (HO)
Package: infwarerr 2010/04/08 v1.3 Providing info/warning/message (HO)
Package: ltxcmds 2011/04/18 v1.20 LaTeX kernel commands for general use (HO)
Package: ifluatex 2010/03/01 v1.3 Provides the ifluatex switch (HO)
Package ifluatex Info: LuaTeX not detected.
Package hobsub Info: Skipping package `ifvtex' (already loaded).
Package: intcalc 2007/09/27 v1.1 Expandable integer calculations (HO)
Package hobsub Info: Skipping package `ifpdf' (already loaded).
Package: etexcmds 2011/02/16 v1.5 Prefix for e-TeX command names (HO)
Package etexcmds Info: Could not find \expanded.
(etexcmds)             That can mean that you are not using pdfTeX 1.50 or
(etexcmds)             that some package has redefined \expanded.
(etexcmds)             In the latter case, load this package earlier.
Package: kvsetkeys 2011/04/07 v1.13 Key value parser (HO)
Package: kvdefinekeys 2011/04/07 v1.3 Defining keys (HO)
Package: pdftexcmds 2011/04/22 v0.16 Utilities of pdfTeX for LuaTeX (HO)
Package pdftexcmds Info: LuaTeX not detected.
Package pdftexcmds Info: pdfTeX >= 1.30 not detected.
Package pdftexcmds Info: \pdf@primitive is available.
Package pdftexcmds Info: \pdf@ifprimitive is available.
Package pdftexcmds Info: \pdfdraftmode not found.
Package: pdfescape 2011/04/04 v1.12 Provides string conversions (HO)
Package: bigintcalc 2011/01/30 v1.2 Expandable big integer calculations (HO)
Package: bitset 2011/01/30 v1.1 Data type bit set (HO)
Package: uniquecounter 2011/01/30 v1.2 Provides unlimited unique counter (HO)
)
Package hobsub Info: Skipping package `hobsub' (already loaded).
Package hobsub Info: Skipping package `letltxmacro' (already loaded).
Package: hopatch 2011/01/30 v1.0 Wrapper for package hooks (HO)
Package: xcolor-patch 2011/01/30 xcolor patch
Package: atveryend 2011/04/23 v1.7 Hooks at very end of document (HO)
Package: atbegshi 2011/01/30 v1.15 At begin shipout hook (HO)
Package: refcount 2010/12/01 v3.2 Data extraction from references (HO)
Package: hycolor 2011/01/30 v1.7 Color options of hyperref/bookmark (HO)
)
(D:\CTEX\MiKTeX\tex\latex\oberdiek\kvoptions.sty
Package: kvoptions 2010/12/23 v3.10 Keyval support for LaTeX options (HO)
)
Normal \dimen register pool exhausted, switching to extended pool.
\@linkdim=\dimen256
\Hy@linkcounter=\count295
\Hy@pagecounter=\count296

(D:\CTEX\MiKTeX\tex\latex\hyperref\pd1enc.def
File: pd1enc.def 2012/02/06 v6.82o Hyperref: PDFDocEncoding definition (HO)
)
\Hy@SavedSpaceFactor=\count297

(D:\CTEX\MiKTeX\tex\latex\00miktex\hyperref.cfg
File: hyperref.cfg 2002/06/06 v1.2 hyperref configuration of TeXLive
)
Package hyperref Info: Option `colorlinks' set `true' on input line 3925.
Package hyperref Info: Option `unicode' set `true' on input line 3925.

(D:\CTEX\MiKTeX\tex\latex\hyperref\puenc.def
File: puenc.def 2012/02/06 v6.82o Hyperref: PDF Unicode definition (HO)
)
Package hyperref Info: Option `unicode' set `true' on input line 3925.

(D:\CTEX\MiKTeX\tex\generic\oberdiek\stringenc.sty
Package: stringenc 2010/03/01 v1.8 Converts strings between encodings (HO)
)
Package hyperref Info: Hyper figures OFF on input line 4046.
Package hyperref Info: Link nesting OFF on input line 4051.
Package hyperref Info: Hyper index ON on input line 4054.
Package hyperref Info: Plain pages OFF on input line 4061.
Package hyperref Info: Backreferencing OFF on input line 4066.
Package hyperref Info: Implicit mode ON; LaTeX internals redefined.
Package hyperref Info: Bookmarks ON on input line 4284.
\c@Hy@tempcnt=\count298

(D:\CTEX\MiKTeX\tex\latex\ltxmisc\url.sty
\Urlmuskip=\muskip11
Package: url 2006/04/12  ver 3.3  Verb mode for urls, etc.
)
LaTeX Info: Redefining \url on input line 4637.
\Fld@menulength=\count299
\Field@Width=\dimen257
\Fld@charsize=\dimen258
Package hyperref Info: Hyper figures OFF on input line 5757.
Package hyperref Info: Link nesting OFF on input line 5762.
Package hyperref Info: Hyper index ON on input line 5765.
Package hyperref Info: backreferencing OFF on input line 5772.
Package hyperref Info: Link coloring ON on input line 5775.
Package hyperref Info: Link coloring with OCG OFF on input line 5782.
Package hyperref Info: PDF/A mode OFF on input line 5787.
LaTeX Info: Redefining \ref on input line 5827.
LaTeX Info: Redefining \pageref on input line 5831.
\Hy@abspage=\count300
\c@Item=\count301
\c@Hfootnote=\count302
)

Package hyperref Message: Driver: hxetex.

(D:\CTEX\MiKTeX\tex\latex\hyperref\hxetex.def
File: hxetex.def 2012/02/06 v6.82o Hyperref driver for XeTeX
\pdfm@box=\box47
\c@Hy@AnnotLevel=\count303
\HyField@AnnotCount=\count304
\Fld@listcount=\count305
\c@bookmark@seq@number=\count306

(D:\CTEX\MiKTeX\tex\latex\oberdiek\rerunfilecheck.sty
Package: rerunfilecheck 2011/04/15 v1.7 Rerun checks for auxiliary files (HO)
Package rerunfilecheck Info: Feature \pdfmdfivesum is not available
(rerunfilecheck)             (e.g. pdfTeX or LuaTeX with package `pdftexcmds').

(rerunfilecheck)             Therefore file contents cannot be checked efficien
tly
(rerunfilecheck)             and the loading of the package is aborted.
)
\Hy@SectionHShift=\skip60
)
(D:\CTEX\MiKTeX\tex\latex\datetime\datetime.sty
Package: datetime 2010/09/21 v2.58 Date Time Package

(D:\CTEX\MiKTeX\tex\latex\fmtcount\fmtcount.sty
Package: fmtcount 2009/10/02 v1.31
\c@padzeroesN=\count307

(D:\CTEX\MiKTeX\tex\latex\fmtcount\fc-english.def
File: fc-english 2007/05/26
)
No configuration file fmtcount.cfg found.
\@DT@modctr=\count308
\@ordinalctr=\count309
\@orgargctr=\count310
\@strctr=\count311
\@tmpstrctr=\count312
\@DT@loopN=\count313
\@DT@X=\count314
)
\@day=\count315
\@month=\count316
\@year=\count317
\c@HOUR=\count318
\c@HOURXII=\count319
\c@MINUTE=\count320
\c@TOHOUR=\count321
\c@TOMINUTE=\count322
\c@SECOND=\count323
\currenthour=\count324
\currentminute=\count325
\currentsecond=\count326
Package datetime Info: No datetime.cfg file found, using default settings on in
put line 292.
\@dtctr=\count327
\dayofyear=\count328
\dayofweek=\count329
LaTeX Info: Redefining \today on input line 724.
\dt@a=\toks37
\dt@b=\toks38
) (D:\CTEX\MiKTeX\tex\latex\ulem\ulem.sty
\UL@box=\box48
\UL@hyphenbox=\box49
\UL@skip=\skip61
\UL@hook=\toks39
\UL@height=\dimen259
\UL@pe=\count330
\UL@pixel=\dimen260
\ULC@box=\box50
Requested font "lasy6" scaled 1000
 -> lasy6
Package: ulem 2011/03/18
\ULdepth=\dimen261
)
(D:\CTEX\MiKTeX\tex\latex\soul\soul.sty
Package: soul 2003/11/17 v2.4 letterspacing/underlining (mf)
Requested font "ectt1000" scaled 1000
 -> ectt1000
\SOUL@word=\toks40
\SOUL@lasttoken=\toks41
\SOUL@cmds=\toks42
\SOUL@buffer=\toks43
\SOUL@token=\toks44
\SOUL@spaceskip=\skip62
\SOUL@ttwidth=\dimen262
\SOUL@uldp=\dimen263
\SOUL@ulht=\dimen264
)))
(D:\CTEX\MiKTeX\tex\latex\pgf\frontendlayer\tikz.sty
(D:\CTEX\MiKTeX\tex\latex\pgf\basiclayer\pgf.sty
(D:\CTEX\MiKTeX\tex\latex\pgf\utilities\pgfrcs.sty
(D:\CTEX\MiKTeX\tex\generic\pgf\utilities\pgfutil-common.tex
\pgfutil@everybye=\toks45
)
(D:\CTEX\MiKTeX\tex\generic\pgf\utilities\pgfutil-latex.def
\pgfutil@abb=\box51

(D:\CTEX\MiKTeX\tex\latex\ms\everyshi.sty
Package: everyshi 2001/05/15 v3.00 EveryShipout Package (MS)
))
(D:\CTEX\MiKTeX\tex\generic\pgf\utilities\pgfrcs.code.tex
Package: pgfrcs 2010/10/25 v2.10 (rcs-revision 1.24)
))
Package: pgf 2008/01/15 v2.10 (rcs-revision 1.12)

(D:\CTEX\MiKTeX\tex\latex\pgf\basiclayer\pgfcore.sty
(D:\CTEX\MiKTeX\tex\latex\pgf\systemlayer\pgfsys.sty
(D:\CTEX\MiKTeX\tex\generic\pgf\systemlayer\pgfsys.code.tex
Package: pgfsys 2010/06/30 v2.10 (rcs-revision 1.37)

(D:\CTEX\MiKTeX\tex\generic\pgf\utilities\pgfkeys.code.tex
\pgfkeys@pathtoks=\toks46
\pgfkeys@temptoks=\toks47

(D:\CTEX\MiKTeX\tex\generic\pgf\utilities\pgfkeysfiltered.code.tex
\pgfkeys@tmptoks=\toks48
))
\pgf@x=\dimen265
\pgf@y=\dimen266
\pgf@xa=\dimen267
\pgf@ya=\dimen268
\pgf@xb=\dimen269
\pgf@yb=\dimen270
\pgf@xc=\dimen271
\pgf@yc=\dimen272
\w@pgf@writea=\write3
\r@pgf@reada=\read1
\c@pgf@counta=\count331
\c@pgf@countb=\count332
\c@pgf@countc=\count333
\c@pgf@countd=\count334

(D:\CTEX\MiKTeX\tex\generic\pgf\systemlayer\pgf.cfg
File: pgf.cfg 2008/05/14  (rcs-revision 1.7)
)
Package pgfsys Info: Driver file for pgf: pgfsys-xetex.def on input line 900.

(D:\CTEX\MiKTeX\tex\generic\pgf\systemlayer\pgfsys-xetex.def
File: pgfsys-xetex.def 2010/02/16  (rcs-revision 1.3)

(D:\CTEX\MiKTeX\tex\generic\pgf\systemlayer\pgfsys-common-pdf.def
File: pgfsys-common-pdf.def 2008/05/19  (rcs-revision 1.10)
)
(D:\CTEX\MiKTeX\tex\generic\pgf\systemlayer\pgfsys-common-pdf-via-dvi.def
File: pgfsys-common-pdf-via-dvi.def 2008/05/19  (rcs-revision 1.7)
)))
(D:\CTEX\MiKTeX\tex\generic\pgf\systemlayer\pgfsyssoftpath.code.tex
File: pgfsyssoftpath.code.tex 2008/07/18  (rcs-revision 1.7)
\pgfsyssoftpath@smallbuffer@items=\count335
\pgfsyssoftpath@bigbuffer@items=\count336
)
(D:\CTEX\MiKTeX\tex\generic\pgf\systemlayer\pgfsysprotocol.code.tex
File: pgfsysprotocol.code.tex 2006/10/16  (rcs-revision 1.4)
))
(D:\CTEX\MiKTeX\tex\generic\pgf\basiclayer\pgfcore.code.tex
Package: pgfcore 2010/04/11 v2.10 (rcs-revision 1.7)

(D:\CTEX\MiKTeX\tex\generic\pgf\math\pgfmath.code.tex
(D:\CTEX\MiKTeX\tex\generic\pgf\math\pgfmathcalc.code.tex
(D:\CTEX\MiKTeX\tex\generic\pgf\math\pgfmathutil.code.tex)
(D:\CTEX\MiKTeX\tex\generic\pgf\math\pgfmathparser.code.tex
\pgfmath@dimen=\dimen273
\pgfmath@count=\count337
\pgfmath@box=\box52
\pgfmath@toks=\toks49
\pgfmath@stack@operand=\toks50
\pgfmath@stack@operation=\toks51
)
(D:\CTEX\MiKTeX\tex\generic\pgf\math\pgfmathfunctions.code.tex
(D:\CTEX\MiKTeX\tex\generic\pgf\math\pgfmathfunctions.basic.code.tex)
(D:\CTEX\MiKTeX\tex\generic\pgf\math\pgfmathfunctions.trigonometric.code.tex)
(D:\CTEX\MiKTeX\tex\generic\pgf\math\pgfmathfunctions.random.code.tex)
(D:\CTEX\MiKTeX\tex\generic\pgf\math\pgfmathfunctions.comparison.code.tex)
(D:\CTEX\MiKTeX\tex\generic\pgf\math\pgfmathfunctions.base.code.tex)
(D:\CTEX\MiKTeX\tex\generic\pgf\math\pgfmathfunctions.round.code.tex)
(D:\CTEX\MiKTeX\tex\generic\pgf\math\pgfmathfunctions.misc.code.tex)))
(D:\CTEX\MiKTeX\tex\generic\pgf\math\pgfmathfloat.code.tex
\c@pgfmathroundto@lastzeros=\count338
))
(D:\CTEX\MiKTeX\tex\generic\pgf\basiclayer\pgfcorepoints.code.tex
File: pgfcorepoints.code.tex 2010/04/09  (rcs-revision 1.20)
\pgf@picminx=\dimen274
\pgf@picmaxx=\dimen275
\pgf@picminy=\dimen276
\pgf@picmaxy=\dimen277
\pgf@pathminx=\dimen278
\pgf@pathmaxx=\dimen279
\pgf@pathminy=\dimen280
\pgf@pathmaxy=\dimen281
\pgf@xx=\dimen282
\pgf@xy=\dimen283
\pgf@yx=\dimen284
\pgf@yy=\dimen285
\pgf@zx=\dimen286
\pgf@zy=\dimen287
)
(D:\CTEX\MiKTeX\tex\generic\pgf\basiclayer\pgfcorepathconstruct.code.tex
File: pgfcorepathconstruct.code.tex 2010/08/03  (rcs-revision 1.24)
\pgf@path@lastx=\dimen288
\pgf@path@lasty=\dimen289
)
(D:\CTEX\MiKTeX\tex\generic\pgf\basiclayer\pgfcorepathusage.code.tex
File: pgfcorepathusage.code.tex 2008/04/22  (rcs-revision 1.12)
\pgf@shorten@end@additional=\dimen290
\pgf@shorten@start@additional=\dimen291
)
(D:\CTEX\MiKTeX\tex\generic\pgf\basiclayer\pgfcorescopes.code.tex
File: pgfcorescopes.code.tex 2010/09/08  (rcs-revision 1.34)
\pgfpic=\box53
\pgf@hbox=\box54
\pgf@layerbox@main=\box55
\pgf@picture@serial@count=\count339
)
(D:\CTEX\MiKTeX\tex\generic\pgf\basiclayer\pgfcoregraphicstate.code.tex
File: pgfcoregraphicstate.code.tex 2008/04/22  (rcs-revision 1.9)
\pgflinewidth=\dimen292
)
(D:\CTEX\MiKTeX\tex\generic\pgf\basiclayer\pgfcoretransformations.code.tex
File: pgfcoretransformations.code.tex 2009/06/10  (rcs-revision 1.11)
\pgf@pt@x=\dimen293
\pgf@pt@y=\dimen294
\pgf@pt@temp=\dimen295
)
(D:\CTEX\MiKTeX\tex\generic\pgf\basiclayer\pgfcorequick.code.tex
File: pgfcorequick.code.tex 2008/10/09  (rcs-revision 1.3)
)
(D:\CTEX\MiKTeX\tex\generic\pgf\basiclayer\pgfcoreobjects.code.tex
File: pgfcoreobjects.code.tex 2006/10/11  (rcs-revision 1.2)
)
(D:\CTEX\MiKTeX\tex\generic\pgf\basiclayer\pgfcorepathprocessing.code.tex
File: pgfcorepathprocessing.code.tex 2008/10/09  (rcs-revision 1.8)
)
(D:\CTEX\MiKTeX\tex\generic\pgf\basiclayer\pgfcorearrows.code.tex
File: pgfcorearrows.code.tex 2008/04/23  (rcs-revision 1.11)
)
(D:\CTEX\MiKTeX\tex\generic\pgf\basiclayer\pgfcoreshade.code.tex
File: pgfcoreshade.code.tex 2008/11/23  (rcs-revision 1.13)
\pgf@max=\dimen296
\pgf@sys@shading@range@num=\count340
)
(D:\CTEX\MiKTeX\tex\generic\pgf\basiclayer\pgfcoreimage.code.tex
File: pgfcoreimage.code.tex 2010/03/25  (rcs-revision 1.16)

(D:\CTEX\MiKTeX\tex\generic\pgf\basiclayer\pgfcoreexternal.code.tex
File: pgfcoreexternal.code.tex 2010/09/01  (rcs-revision 1.17)
\pgfexternal@startupbox=\box56
))
(D:\CTEX\MiKTeX\tex\generic\pgf\basiclayer\pgfcorelayers.code.tex
File: pgfcorelayers.code.tex 2010/08/27  (rcs-revision 1.2)
)
(D:\CTEX\MiKTeX\tex\generic\pgf\basiclayer\pgfcoretransparency.code.tex
File: pgfcoretransparency.code.tex 2008/01/17  (rcs-revision 1.2)
)
(D:\CTEX\MiKTeX\tex\generic\pgf\basiclayer\pgfcorepatterns.code.tex
File: pgfcorepatterns.code.tex 2009/07/02  (rcs-revision 1.3)
)))
(D:\CTEX\MiKTeX\tex\generic\pgf\modules\pgfmoduleshapes.code.tex
File: pgfmoduleshapes.code.tex 2010/09/09  (rcs-revision 1.13)
\pgfnodeparttextbox=\box57
)
(D:\CTEX\MiKTeX\tex\generic\pgf\modules\pgfmoduleplot.code.tex
File: pgfmoduleplot.code.tex 2010/10/22  (rcs-revision 1.8)
)
(D:\CTEX\MiKTeX\tex\latex\pgf\compatibility\pgfcomp-version-0-65.sty
Package: pgfcomp-version-0-65 2007/07/03 v2.10 (rcs-revision 1.7)
\pgf@nodesepstart=\dimen297
\pgf@nodesepend=\dimen298
)
(D:\CTEX\MiKTeX\tex\latex\pgf\compatibility\pgfcomp-version-1-18.sty
Package: pgfcomp-version-1-18 2007/07/23 v2.10 (rcs-revision 1.1)
))
(D:\CTEX\MiKTeX\tex\latex\pgf\utilities\pgffor.sty
(D:\CTEX\MiKTeX\tex\latex\pgf\utilities\pgfkeys.sty
(D:\CTEX\MiKTeX\tex\generic\pgf\utilities\pgfkeys.code.tex))
(D:\CTEX\MiKTeX\tex\generic\pgf\utilities\pgffor.code.tex
Package: pgffor 2010/03/23 v2.10 (rcs-revision 1.18)
\pgffor@iter=\dimen299
\pgffor@skip=\dimen300
\pgffor@stack=\toks52
\pgffor@toks=\toks53
))
(D:\CTEX\MiKTeX\tex\generic\pgf\frontendlayer\tikz\tikz.code.tex
Package: tikz 2010/10/13 v2.10 (rcs-revision 1.76)

(D:\CTEX\MiKTeX\tex\generic\pgf\libraries\pgflibraryplothandlers.code.tex
File: pgflibraryplothandlers.code.tex 2010/05/31 v2.10 (rcs-revision 1.15)
\pgf@plot@mark@count=\count341
\pgfplotmarksize=\dimen301
)
\tikz@lastx=\dimen302
\tikz@lasty=\dimen303
\tikz@lastxsaved=\dimen304
\tikz@lastysaved=\dimen305
\tikzleveldistance=\dimen306
\tikzsiblingdistance=\dimen307
\tikz@figbox=\box58
\tikz@tempbox=\box59
\tikztreelevel=\count342
\tikznumberofchildren=\count343
\tikznumberofcurrentchild=\count344
\tikz@fig@count=\count345

(D:\CTEX\MiKTeX\tex\generic\pgf\modules\pgfmodulematrix.code.tex
File: pgfmodulematrix.code.tex 2010/08/24  (rcs-revision 1.4)
\pgfmatrixcurrentrow=\count346
\pgfmatrixcurrentcolumn=\count347
\pgf@matrix@numberofcolumns=\count348
)
\tikz@expandcount=\count349

(D:\CTEX\MiKTeX\tex\generic\pgf\frontendlayer\tikz\libraries\tikzlibrarytopaths
.code.tex
File: tikzlibrarytopaths.code.tex 2008/06/17 v2.10 (rcs-revision 1.2)
)))
(D:\CTEX\MiKTeX\tex\generic\pgf\frontendlayer\tikz\libraries\tikzlibraryshapes.
code.tex
File: tikzlibraryshapes.code.tex 2008/01/09 v2.10 (rcs-revision 1.1)

(D:\CTEX\MiKTeX\tex\generic\pgf\frontendlayer\tikz\libraries\tikzlibraryshapes.
geometric.code.tex
File: tikzlibraryshapes.geometric.code.tex 2008/01/09 v2.10 (rcs-revision 1.1)

(D:\CTEX\MiKTeX\tex\generic\pgf\libraries\shapes\pgflibraryshapes.geometric.cod
e.tex
File: pgflibraryshapes.geometric.code.tex 2008/06/26 v2.10 (rcs-revision 1.1)
))
(D:\CTEX\MiKTeX\tex\generic\pgf\frontendlayer\tikz\libraries\tikzlibraryshapes.
misc.code.tex
File: tikzlibraryshapes.misc.code.tex 2008/01/09 v2.10 (rcs-revision 1.1)

(D:\CTEX\MiKTeX\tex\generic\pgf\libraries\shapes\pgflibraryshapes.misc.code.tex
File: pgflibraryshapes.misc.code.tex 2008/10/07 v2.10 (rcs-revision 1.3)
))
(D:\CTEX\MiKTeX\tex\generic\pgf\frontendlayer\tikz\libraries\tikzlibraryshapes.
symbols.code.tex
File: tikzlibraryshapes.symbols.code.tex 2008/01/09 v2.10 (rcs-revision 1.1)

(D:\CTEX\MiKTeX\tex\generic\pgf\libraries\shapes\pgflibraryshapes.symbols.code.
tex
File: pgflibraryshapes.symbols.code.tex 2009/10/27 v2.10 (rcs-revision 1.3)
))
(D:\CTEX\MiKTeX\tex\generic\pgf\frontendlayer\tikz\libraries\tikzlibraryshapes.
arrows.code.tex
File: tikzlibraryshapes.arrows.code.tex 2008/01/09 v2.10 (rcs-revision 1.1)

(D:\CTEX\MiKTeX\tex\generic\pgf\libraries\shapes\pgflibraryshapes.arrows.code.t
ex
File: pgflibraryshapes.arrows.code.tex 2008/06/26 v2.10 (rcs-revision 1.1)
))
(D:\CTEX\MiKTeX\tex\generic\pgf\frontendlayer\tikz\libraries\tikzlibraryshapes.
callouts.code.tex
(D:\CTEX\MiKTeX\tex\generic\pgf\libraries\shapes\pgflibraryshapes.callouts.code
.tex))
(D:\CTEX\MiKTeX\tex\generic\pgf\frontendlayer\tikz\libraries\tikzlibraryshapes.
multipart.code.tex
File: tikzlibraryshapes.multipart.code.tex 2008/01/09 v2.10 (rcs-revision 1.1)

(D:\CTEX\MiKTeX\tex\generic\pgf\libraries\shapes\pgflibraryshapes.multipart.cod
e.tex
File: pgflibraryshapes.multipart.code.tex 2010/01/07 v2.10 (rcs-revision 1.2)
\pgfnodepartlowerbox=\box60
\pgfnodeparttwobox=\box61
\pgfnodepartthreebox=\box62
\pgfnodepartfourbox=\box63
\pgfnodeparttwentybox=\box64
\pgfnodepartnineteenbox=\box65
\pgfnodeparteighteenbox=\box66
\pgfnodepartseventeenbox=\box67
\pgfnodepartsixteenbox=\box68
\pgfnodepartfifteenbox=\box69
\pgfnodepartfourteenbox=\box70
\pgfnodepartthirteenbox=\box71
\pgfnodeparttwelvebox=\box72
\pgfnodepartelevenbox=\box73
\pgfnodeparttenbox=\box74
\pgfnodepartninebox=\box75
\pgfnodeparteightbox=\box76
\pgfnodepartsevenbox=\box77
\pgfnodepartsixbox=\box78
\pgfnodepartfivebox=\box79
)))
(D:\CTEX\MiKTeX\tex\generic\pgf\frontendlayer\tikz\libraries\tikzlibraryshadows
.code.tex
File: tikzlibraryshadows.code.tex 2008/01/13 v2.10 (rcs-revision 1.3)

(D:\CTEX\MiKTeX\tex\generic\pgf\frontendlayer\tikz\libraries\tikzlibraryfadings
.code.tex
File: tikzlibraryfadings.code.tex 2009/11/15 v2.10 (rcs-revision 1.2)
 (D:\CTEX\MiKTeX\tex\generic\pgf\libraries\pgflibraryfadings.code.tex
File: pgflibraryfadings.code.tex 2008/02/07 v2.10 (rcs-revision 1.3)


Package pgf Warning: Your graphic driver pgfsys-xetex.def does not support fadi
ngs. This warning is given only once on input line 31.

)))
(D:\CTEX\MiKTeX\tex\generic\pgf\frontendlayer\tikz\libraries\tikzlibrarycalc.co
de.tex
File: tikzlibrarycalc.code.tex 2009/09/04 v2.10 (rcs-revision 1.6)
)
(D:\CTEX\MiKTeX\tex\generic\pgf\frontendlayer\tikz\libraries\tikzlibraryarrows.
code.tex
File: tikzlibraryarrows.code.tex 2008/01/09 v2.10 (rcs-revision 1.1)
 (D:\CTEX\MiKTeX\tex\generic\pgf\libraries\pgflibraryarrows.code.tex
File: pgflibraryarrows.code.tex 2008/10/27 v2.10 (rcs-revision 1.9)
\arrowsize=\dimen308
))
(D:\CTEX\MiKTeX\tex\generic\pgf\frontendlayer\tikz\libraries\tikzlibrarydecorat
ions.markings.code.tex
(D:\CTEX\MiKTeX\tex\generic\pgf\frontendlayer\tikz\libraries\tikzlibrarydecorat
ions.code.tex
(D:\CTEX\MiKTeX\tex\generic\pgf\modules\pgfmoduledecorations.code.tex
\pgfdecoratedcompleteddistance=\dimen309
\pgfdecoratedremainingdistance=\dimen310
\pgfdecoratedinputsegmentcompleteddistance=\dimen311
\pgfdecoratedinputsegmentremainingdistance=\dimen312
\pgf@decorate@distancetomove=\dimen313
\pgf@decorate@repeatstate=\count350
\pgfdecorationsegmentamplitude=\dimen314
\pgfdecorationsegmentlength=\dimen315
)
\tikz@lib@dec@box=\box80
)
(D:\CTEX\MiKTeX\tex\generic\pgf\libraries\decorations\pgflibrarydecorations.mar
kings.code.tex)) (E:\Project-Wuhu\网络安全课程设计\乌云漏洞整理.a
ux)
LaTeX Font Info:    Checking defaults for OML/cmm/m/it on input line 5.
LaTeX Font Info:    ... okay on input line 5.
LaTeX Font Info:    Checking defaults for T1/cmr/m/n on input line 5.
LaTeX Font Info:    ... okay on input line 5.
LaTeX Font Info:    Checking defaults for OT1/cmr/m/n on input line 5.
LaTeX Font Info:    ... okay on input line 5.
LaTeX Font Info:    Checking defaults for OMS/cmsy/m/n on input line 5.
LaTeX Font Info:    ... okay on input line 5.
LaTeX Font Info:    Checking defaults for OMX/cmex/m/n on input line 5.
LaTeX Font Info:    ... okay on input line 5.
LaTeX Font Info:    Checking defaults for U/cmr/m/n on input line 5.
LaTeX Font Info:    ... okay on input line 5.
LaTeX Font Info:    Checking defaults for EU1/lmr/m/n on input line 5.
LaTeX Font Info:    ... okay on input line 5.
LaTeX Font Info:    Checking defaults for T3/cmr/m/n on input line 5.
LaTeX Font Info:    Try loading font information for T3+cmr on input line 5.
 (D:\CTEX\MiKTeX\tex\latex\tipa\t3cmr.fd
File: t3cmr.fd 2001/12/31 TIPA font definitions
)
LaTeX Font Info:    ... okay on input line 5.
LaTeX Font Info:    Checking defaults for PD1/pdf/m/n on input line 5.
LaTeX Font Info:    ... okay on input line 5.
LaTeX Font Info:    Checking defaults for PU/pdf/m/n on input line 5.
LaTeX Font Info:    ... okay on input line 5.
Requested font "ecrm1200" at 12.0pt
 -> ecrm1200

*geometry* detected driver: pdftex
*geometry* verbose mode - [ preamble ] result:
* driver: pdftex
* paper: a4paper
* layout: <same size as paper>
* layoutoffset:(h,v)=(0.0pt,0.0pt)
* modes: 
* h-part:(L,W,R)=(30.0pt, 537.50787pt, 30.0pt)
* v-part:(T,H,B)=(30.0pt, 785.04684pt, 30.0pt)
* \paperwidth=597.50787pt
* \paperheight=845.04684pt
* \textwidth=537.50787pt
* \textheight=785.04684pt
* \oddsidemargin=-42.26999pt
* \evensidemargin=-42.26999pt
* \topmargin=-79.26999pt
* \headheight=12.0pt
* \headsep=25.0pt
* \topskip=12.0pt
* \footskip=20.0pt
* \marginparwidth=44.0pt
* \marginparsep=10.0pt
* \columnsep=10.0pt
* \skip\footins=10.8pt plus 4.0pt minus 2.0pt
* \hoffset=0.0pt
* \voffset=0.0pt
* \mag=1000
* \@twocolumnfalse
* \@twosidefalse
* \@mparswitchfalse
* \@reversemarginfalse
* (1in=72.27pt=25.4mm, 1cm=28.453pt)

Package caption Info: Begin \AtBeginDocument code.
Package caption Info: float package is loaded.
Package caption Info: hyperref package is loaded.
Package caption Info: listings package is loaded.
Package caption Info: End \AtBeginDocument code.
\c@lstlisting=\count351
\AtBeginShipoutBox=\box81
Package hyperref Info: Link coloring ON on input line 5.
(D:\CTEX\MiKTeX\tex\latex\hyperref\nameref.sty
Package: nameref 2010/04/30 v2.40 Cross-referencing by name of section

(D:\CTEX\MiKTeX\tex\generic\oberdiek\gettitlestring.sty
Package: gettitlestring 2010/12/03 v1.4 Cleanup title references (HO)
)
\c@section@level=\count352
)
LaTeX Info: Redefining \ref on input line 5.
LaTeX Info: Redefining \pageref on input line 5.
LaTeX Info: Redefining \nameref on input line 5.

(E:\Project-Wuhu\网络安全课程设计\乌云漏洞整理.out)
(E:\Project-Wuhu\网络安全课程设计\乌云漏洞整理.out)
\@outlinefile=\write4

ABD: EveryShipout initializing macros

Package xcolor Warning: Incompatible color definition on input line 6.


Overfull \hbox (2.49213pt too wide) in paragraph at lines 6--6
[]|[] 
 []

Requested font "ecrm1440" at 14.4pt
 -> ecrm1440

Package xcolor Warning: Incompatible color definition on input line 6.

Requested font "æ^^96¹æ­£å^^87^^86å^^9c^^86_GBK" at 14.4pt
 -> C:/WINDOWS/Fonts/æ^^96¹æ­£å^^87^^86å^^9c^^86_GBK.TTF
Requested font "æ^^96¹æ­£å^^87^^86å^^9c^^86_GBK/ICU" at 14.4pt
 -> C:/WINDOWS/Fonts/æ^^96¹æ­£å^^87^^86å^^9c^^86_GBK.TTF
.................................................
. fontspec info: "no-scripts"
. 
. Font 方正准圆_GBK does not contain any OpenType `Script' information.
.................................................
\g_fontspec_family_方正准圆_GBK_int=\count353
Requested font "æ^^96¹æ­£å^^87^^86å^^9c^^86_GBK/ICU" at 14.4pt
 -> C:/WINDOWS/Fonts/æ^^96¹æ­£å^^87^^86å^^9c^^86_GBK.TTF
Requested font "æ^^96¹æ­£å^^87^^86å^^9c^^86_GBK/ICU" at 14.4pt
 -> C:/WINDOWS/Fonts/æ^^96¹æ­£å^^87^^86å^^9c^^86_GBK.TTF
Requested font "æ^^96¹æ­£å^^87^^86å^^9c^^86_GBK/B/ICU" at 14.4pt
 -> C:/WINDOWS/Fonts/æ^^96¹æ­£å^^87^^86å^^9c^^86_GBK.TTF
.................................................
. fontspec info: "no-font-shape"
. 
. Could not resolve font 方正准圆_GBK/B (it probably doesn't exist).
.................................................
Requested font "æ^^96¹æ­£å^^87^^86å^^9c^^86_GBK/ICU" at 14.4pt
 -> C:/WINDOWS/Fonts/æ^^96¹æ­£å^^87^^86å^^9c^^86_GBK.TTF
Requested font "æ^^96¹æ­£å^^87^^86å^^9c^^86_GBK/I/ICU" at 14.4pt
 -> C:/WINDOWS/Fonts/æ^^96¹æ­£å^^87^^86å^^9c^^86_GBK.TTF
.................................................
. fontspec info: "no-font-shape"
. 
. Could not resolve font 方正准圆_GBK/I (it probably doesn't exist).
.................................................
Requested font "æ^^96¹æ­£å^^87^^86å^^9c^^86_GBK/ICU" at 14.4pt
 -> C:/WINDOWS/Fonts/æ^^96¹æ­£å^^87^^86å^^9c^^86_GBK.TTF
Requested font "æ^^96¹æ­£å^^87^^86å^^9c^^86_GBK/BI/ICU" at 14.4pt
 -> C:/WINDOWS/Fonts/æ^^96¹æ­£å^^87^^86å^^9c^^86_GBK.TTF
.................................................
. fontspec info: "no-font-shape"
. 
. Could not resolve font 方正准圆_GBK/BI (it probably doesn't exist).
.................................................
.................................................
. fontspec info: "defining-font"
. 
. Font family '方正准圆_GBK(0)' created for font '方正准圆_GBK' with op
tions [].
. 
. This font family consists of the following shapes:
. 
. * 'normal' with NFSS spec.:
. <->"方正准圆_GBK/ICU:"
.................................................
Requested font "æ^^96¹æ­£å^^87^^86å^^9c^^86_GBK/ICU:" at 14.4pt
 -> C:/WINDOWS/Fonts/æ^^96¹æ­£å^^87^^86å^^9c^^86_GBK.TTF
Requested font "æ^^96¹æ­£å^^87^^86å^^9c^^86_GBK/ICU:" at 14.4pt
 -> C:/WINDOWS/Fonts/æ^^96¹æ­£å^^87^^86å^^9c^^86_GBK.TTF

Package xcolor Warning: Incompatible color definition on input line 6.

(D:\CTEX\MiKTeX\tex\generic\oberdiek\se-ascii-print.def
File: se-ascii-print.def 2010/03/01 v1.8 stringenc: Printable ASCII characters
)
Requested font "cmr8" at 8.0pt
 -> cmr8
Requested font "cmr6" at 6.0pt
 -> cmr6
Requested font "cmmi12" at 12.0pt
 -> cmmi12
Requested font "cmmi8" at 8.0pt
 -> cmmi8
Requested font "cmmi6" at 6.0pt
 -> cmmi6
Requested font "cmsy10" at 12.0pt
 -> cmsy10
Requested font "cmsy8" at 8.0pt
 -> cmsy8
Requested font "cmsy6" at 6.0pt
 -> cmsy6
Requested font "cmex10" at 12.0pt
 -> cmex10
Requested font "cmex8" at 8.0pt
 -> cmex8
Requested font "cmex7" at 6.0pt
 -> cmex7
Requested font "msam10" at 12.0pt
 -> msam10
Requested font "msam10" at 8.0pt
 -> msam10
Requested font "msam7" at 6.0pt
 -> msam7
Requested font "msbm10" at 12.0pt
 -> msbm10
Requested font "msbm10" at 8.0pt
 -> msbm10
Requested font "msbm7" at 6.0pt
 -> msbm7
Requested font "rsfs10" at 12.0pt
 -> rsfs10
Requested font "rsfs10" at 8.0pt
 -> rsfs10
Requested font "rsfs5" at 6.0pt
 -> rsfs5
Requested font "vect10" at 12.0pt
 -> vect10
Requested font "vect8" at 8.0pt
 -> vect8
Requested font "vect6" at 6.0pt
 -> vect6
LaTeX Font Info:    Try loading font information for U+wasy on input line 6.

(D:\CTEX\MiKTeX\tex\latex\wasysym\uwasy.fd
File: uwasy.fd 2003/10/30 v2.0 Wasy-2 symbol font definitions
)
Requested font "wasy10" at 12.0pt
 -> wasy10
Requested font "wasy8" at 8.0pt
 -> wasy8
Requested font "wasy6" at 6.0pt
 -> wasy6
LaTeX Font Info:    Try loading font information for U+esint on input line 6.

(D:\CTEX\MiKTeX\tex\latex\esint\uesint.fd
File: uesint.fd 
)
Requested font "esint10" at 12.0pt
 -> esint10
Requested font "esint10" at 8.0pt
 -> esint10
Requested font "esint10" at 6.0pt
 -> esint10
Requested font "Adobe Fangsong Std" at 12.0pt
 -> C:/WINDOWS/Fonts/AdobeFangsongStd-Regular.otf
Requested font "Adobe Fangsong Std/ICU" at 12.0pt
 -> C:/WINDOWS/Fonts/AdobeFangsongStd-Regular.otf
\g_fontspec_family_Adobe Fangsong Std_int=\count354
Requested font "Adobe Fangsong Std/ICU" at 12.0pt
 -> C:/WINDOWS/Fonts/AdobeFangsongStd-Regular.otf
Requested font "Adobe Fangsong Std/ICU" at 12.0pt
 -> C:/WINDOWS/Fonts/AdobeFangsongStd-Regular.otf
Requested font "Adobe Fangsong Std/B/ICU" at 12.0pt
 -> C:/WINDOWS/Fonts/AdobeFangsongStd-Regular.otf
.................................................
. fontspec info: "no-font-shape"
. 
. Could not resolve font Adobe Fangsong Std/B (it probably doesn't exist).
.................................................
Requested font "Adobe Fangsong Std/ICU" at 12.0pt
 -> C:/WINDOWS/Fonts/AdobeFangsongStd-Regular.otf
Requested font "Adobe Fangsong Std/I/ICU" at 12.0pt
 -> C:/WINDOWS/Fonts/AdobeFangsongStd-Regular.otf
.................................................
. fontspec info: "no-font-shape"
. 
. Could not resolve font Adobe Fangsong Std/I (it probably doesn't exist).
.................................................
Requested font "Adobe Fangsong Std/ICU" at 12.0pt
 -> C:/WINDOWS/Fonts/AdobeFangsongStd-Regular.otf
Requested font "Adobe Fangsong Std/BI/ICU" at 12.0pt
 -> C:/WINDOWS/Fonts/AdobeFangsongStd-Regular.otf
.................................................
. fontspec info: "no-font-shape"
. 
. Could not resolve font Adobe Fangsong Std/BI (it probably doesn't exist).
.................................................
.................................................
. fontspec info: "defining-font"
. 
. Font family 'AdobeFangsongStd(0)' created for font 'Adobe Fangsong Std' with
. options [].
. 
. This font family consists of the following shapes:
. 
. * 'normal' with NFSS spec.:
. <->"Adobe Fangsong Std/ICU:script=latn;language=DFLT;"
.................................................
Requested font "Adobe Fangsong Std/ICU:script=latn;language=DFLT;" at 12.0pt
 -> C:/WINDOWS/Fonts/AdobeFangsongStd-Regular.otf
Requested font "Adobe Fangsong Std/ICU:script=latn;language=DFLT;" at 12.0pt
 -> C:/WINDOWS/Fonts/AdobeFangsongStd-Regular.otf


Package xeCJK Warning: Unknown CJK family `tt' is ignored.
Use \setCJKfamilyfont to define a CJK family. on input line 8.

LaTeX Font Info:    Try loading font information for T1+lmtt on input line 8.
(D:\CTEX\MiKTeX\tex\latex\lm\t1lmtt.fd
File: t1lmtt.fd 2009/10/30 v1.6 Font defs for Latin Modern
)
Requested font "ec-lmtt12" at 12.0pt
 -> ec-lmtt12


Package xcolor Warning: Incompatible color definition on input line 11.


Overfull \hbox (2.49213pt too wide) in paragraph at lines 11--11
[]|[] 
 []


Package xcolor Warning: Incompatible color definition on input line 11.


Package xcolor Warning: Incompatible color definition on input line 11.


Package xcolor Warning: Incompatible color definition on input line 13.


Package xcolor Warning: Incompatible color definition on input line 16.


Package xcolor Warning: Incompatible color definition on input line 16.


Package xcolor Warning: Incompatible color definition on input line 16.


Package xcolor Warning: Incompatible color definition on input line 20.

Requested font "æ^^96¹æ­£å^^87^^86å^^9c^^86_GBK" at 12.0pt
 -> C:/WINDOWS/Fonts/æ^^96¹æ­£å^^87^^86å^^9c^^86_GBK.TTF
Requested font "æ^^96¹æ­£å^^87^^86å^^9c^^86_GBK/ICU" at 12.0pt
 -> C:/WINDOWS/Fonts/æ^^96¹æ­£å^^87^^86å^^9c^^86_GBK.TTF
.................................................
. fontspec info: "no-scripts"
. 
. Font 方正准圆_GBK does not contain any OpenType `Script' information.
.................................................
.................................................
. fontspec info: "defining-font"
. 
. Font family '方正准圆_GBK(0)' created for font '方正准圆_GBK' with op
tions [].
. 
. This font family consists of the following shapes:
.................................................
Requested font "æ^^96¹æ­£å^^87^^86å^^9c^^86_GBK/ICU:" at 12.0pt
 -> C:/WINDOWS/Fonts/æ^^96¹æ­£å^^87^^86å^^9c^^86_GBK.TTF
Requested font "æ^^96¹æ­£å^^87^^86å^^9c^^86_GBK/ICU:" at 12.0pt
 -> C:/WINDOWS/Fonts/æ^^96¹æ­£å^^87^^86å^^9c^^86_GBK.TTF

Package xcolor Warning: Incompatible color definition on input line 20.


Package xcolor Warning: Incompatible color definition on input line 21.


Package xcolor Warning: Incompatible color definition on input line 21.


Package xcolor Warning: Incompatible color definition on input line 22.


Package xcolor Warning: Incompatible color definition on input line 22.


Package xcolor Warning: Incompatible color definition on input line 23.


Package xcolor Warning: Incompatible color definition on input line 23.


Package xcolor Warning: Incompatible color definition on input line 24.


Package xcolor Warning: Incompatible color definition on input line 24.


Package xcolor Warning: Incompatible color definition on input line 25.


Package xcolor Warning: Incompatible color definition on input line 25.


Package xcolor Warning: Incompatible color definition on input line 25.

Requested font "ecrm0800" at 8.0pt
 -> ecrm0800

Package xcolor Warning: Incompatible color definition on input line 25.

Requested font "Verdana" at 8.39996pt
 -> C:/WINDOWS/Fonts/verdana.ttf
Requested font "Verdana/ICU" at 8.39996pt
 -> C:/WINDOWS/Fonts/verdana.ttf
\g_fontspec_family_Verdana_int=\count355
Requested font "Verdana/B/ICU" at 8.39996pt
 -> C:/WINDOWS/Fonts/verdanab.ttf
Requested font "Verdana/B/B/ICU" at 8.39996pt
 -> C:/WINDOWS/Fonts/verdanab.ttf
Requested font "Verdana/I/ICU" at 8.39996pt
 -> C:/WINDOWS/Fonts/verdanai.ttf
Requested font "Verdana/I/I/ICU" at 8.39996pt
 -> C:/WINDOWS/Fonts/verdanai.ttf
Requested font "Verdana/BI/ICU" at 8.39996pt
 -> C:/WINDOWS/Fonts/verdanaz.ttf
Requested font "Verdana/BI/BI/ICU" at 8.39996pt
 -> C:/WINDOWS/Fonts/verdanaz.ttf
.................................................
. fontspec info: "defining-font"
. 
. Font family 'Verdana(0)' created for font 'Verdana' with options [].
. 
. This font family consists of the following shapes:
. 
. * 'normal' with NFSS spec.:
. <->"Verdana/ICU:script=latn;language=DFLT;"
. 
. * 'small caps' with NFSS spec.:
. <->"Verdana/ICU:script=latn;language=DFLT;+smcp;"
. 
. * 'bold' with NFSS spec.:
. <->"Verdana/B/ICU:script=latn;language=DFLT;"
. 
. * 'bold small caps' with NFSS spec.:
. <->"Verdana/B/ICU:script=latn;language=DFLT;+smcp;"
. 
. * 'italic' with NFSS spec.:
. <->"Verdana/I/ICU:script=latn;language=DFLT;"
. 
. * 'italic small caps' with NFSS spec.:
. <->"Verdana/I/ICU:script=latn;language=DFLT;+smcp;"
. 
. * 'bold italic' with NFSS spec.:
. <->"Verdana/BI/ICU:script=latn;language=DFLT;"
. 
. * 'bold italic small caps' with NFSS spec.:
. <->"Verdana/BI/ICU:script=latn;language=DFLT;+smcp;"
.................................................
Requested font "Verdana/ICU:script=latn;language=DFLT;" at 8.39996pt
 -> C:/WINDOWS/Fonts/verdana.ttf
Requested font "æ^^96¹æ­£å^^87^^86å^^9c^^86_GBK" at 8.39996pt
 -> C:/WINDOWS/Fonts/æ^^96¹æ­£å^^87^^86å^^9c^^86_GBK.TTF
Requested font "æ^^96¹æ­£å^^87^^86å^^9c^^86_GBK/ICU" at 8.39996pt
 -> C:/WINDOWS/Fonts/æ^^96¹æ­£å^^87^^86å^^9c^^86_GBK.TTF
.................................................
. fontspec info: "no-scripts"
. 
. Font 方正准圆_GBK does not contain any OpenType `Script' information.
.................................................
.................................................
. fontspec info: "defining-font"
. 
. Font family '方正准圆_GBK(0)' created for font '方正准圆_GBK' with op
tions [].
. 
. This font family consists of the following shapes:
.................................................
Requested font "æ^^96¹æ­£å^^87^^86å^^9c^^86_GBK/ICU:" at 8.39996pt
 -> C:/WINDOWS/Fonts/æ^^96¹æ­£å^^87^^86å^^9c^^86_GBK.TTF
Requested font "æ^^96¹æ­£å^^87^^86å^^9c^^86_GBK/ICU:" at 8.39996pt
 -> C:/WINDOWS/Fonts/æ^^96¹æ­£å^^87^^86å^^9c^^86_GBK.TTF

Package xcolor Warning: Incompatible color definition on input line 25.


Package xcolor Warning: Incompatible color definition on input line 25.


Package xcolor Warning: Incompatible color definition on input line 25.


Package xcolor Warning: Incompatible color definition on input line 25.

.................................................
. fontspec info: "defining-font"
. 
. Font family 'Verdana(0)' created for font 'Verdana' with options [].
. 
. This font family consists of the following shapes:
.................................................

Package xcolor Warning: Incompatible color definition on input line 25.


Package xcolor Warning: Incompatible color definition on input line 25.


Package xcolor Warning: Incompatible color definition on input line 25.


Package xcolor Warning: Incompatible color definition on input line 25.


Package xcolor Warning: Incompatible color definition on input line 25.

.................................................
. fontspec info: "defining-font"
. 
. Font family 'Verdana(0)' created for font 'Verdana' with options [].
. 
. This font family consists of the following shapes:
.................................................
Requested font "Verdana/B/ICU:script=latn;language=DFLT;" at 8.39996pt
 -> C:/WINDOWS/Fonts/verdanab.ttf

Package xcolor Warning: Incompatible color definition on input line 25.


Package xcolor Warning: Incompatible color definition on input line 25.


Package xcolor Warning: Incompatible color definition on input line 25.


Package xcolor Warning: Incompatible color definition on input line 25.

.................................................
. fontspec info: "defining-font"
. 
. Font family 'Verdana(0)' created for font 'Verdana' with options [].
. 
. This font family consists of the following shapes:
.................................................

Package xcolor Warning: Incompatible color definition on input line 25.


Package xcolor Warning: Incompatible color definition on input line 25.


Package xcolor Warning: Incompatible color definition on input line 25.


Package xcolor Warning: Incompatible color definition on input line 25.

.................................................
. fontspec info: "defining-font"
. 
. Font family 'Verdana(0)' created for font 'Verdana' with options [].
. 
. This font family consists of the following shapes:
.................................................

Package xcolor Warning: Incompatible color definition on input line 25.


Package xcolor Warning: Incompatible color definition on input line 25.


Package xcolor Warning: Incompatible color definition on input line 25.


Package xcolor Warning: Incompatible color definition on input line 25.

.................................................
. fontspec info: "defining-font"
. 
. Font family 'Verdana(0)' created for font 'Verdana' with options [].
. 
. This font family consists of the following shapes:
.................................................

Package xcolor Warning: Incompatible color definition on input line 25.


Package xcolor Warning: Incompatible color definition on input line 25.


Package xcolor Warning: Incompatible color definition on input line 25.


Package xcolor Warning: Incompatible color definition on input line 25.

.................................................
. fontspec info: "defining-font"
. 
. Font family 'Verdana(0)' created for font 'Verdana' with options [].
. 
. This font family consists of the following shapes:
.................................................

Package xcolor Warning: Incompatible color definition on input line 26.


Package xcolor Warning: Incompatible color definition on input line 26.


Package xcolor Warning: Incompatible color definition on input line 27.


Package xcolor Warning: Incompatible color definition on input line 27.


Package xcolor Warning: Incompatible color definition on input line 29.


Package xcolor Warning: Incompatible color definition on input line 29.


Underfull \hbox (badness 10000) in paragraph at lines 20--30

 []


Package xcolor Warning: Incompatible color definition on input line 31.


Package xcolor Warning: Incompatible color definition on input line 31.


Package xcolor Warning: Incompatible color definition on input line 31.


Package xcolor Warning: Incompatible color definition on input line 35.


Package xcolor Warning: Incompatible color definition on input line 35.


Package xcolor Warning: Incompatible color definition on input line 36.


Package xcolor Warning: Incompatible color definition on input line 36.


Package xcolor Warning: Incompatible color definition on input line 37.


Package xcolor Warning: Incompatible color definition on input line 37.

[1

]

Package xcolor Warning: Incompatible color definition on input line 50.


Package xcolor Warning: Incompatible color definition on input line 50.


Package xcolor Warning: Incompatible color definition on input line 50.


Package xcolor Warning: Incompatible color definition on input line 50.


Package xcolor Warning: Incompatible color definition on input line 50.


Package xcolor Warning: Incompatible color definition on input line 50.

.................................................
. fontspec info: "defining-font"
. 
. Font family 'Verdana(0)' created for font 'Verdana' with options [].
. 
. This font family consists of the following shapes:
.................................................

Package xcolor Warning: Incompatible color definition on input line 50.


Package xcolor Warning: Incompatible color definition on input line 50.


Package xcolor Warning: Incompatible color definition on input line 50.


Package xcolor Warning: Incompatible color definition on input line 50.

.................................................
. fontspec info: "defining-font"
. 
. Font family 'Verdana(0)' created for font 'Verdana' with options [].
. 
. This font family consists of the following shapes:
.................................................

Package xcolor Warning: Incompatible color definition on input line 51.


Package xcolor Warning: Incompatible color definition on input line 51.


Underfull \hbox (badness 10000) in paragraph at lines 50--52

 []


Package xcolor Warning: Incompatible color definition on input line 53.


Package xcolor Warning: Incompatible color definition on input line 53.


Package xcolor Warning: Incompatible color definition on input line 53.


Package xcolor Warning: Incompatible color definition on input line 57.


Package xcolor Warning: Incompatible color definition on input line 57.


Package xcolor Warning: Incompatible color definition on input line 58.


Package xcolor Warning: Incompatible color definition on input line 58.


Package xcolor Warning: Incompatible color definition on input line 59.


Package xcolor Warning: Incompatible color definition on input line 59.


Package xcolor Warning: Incompatible color definition on input line 60.


Package xcolor Warning: Incompatible color definition on input line 60.


Package xcolor Warning: Incompatible color definition on input line 62.


Package xcolor Warning: Incompatible color definition on input line 62.


Package xcolor Warning: Incompatible color definition on input line 62.


Package xcolor Warning: Incompatible color definition on input line 62.


Package xcolor Warning: Incompatible color definition on input line 62.


Package xcolor Warning: Incompatible color definition on input line 62.

.................................................
. fontspec info: "defining-font"
. 
. Font family 'Verdana(0)' created for font 'Verdana' with options [].
. 
. This font family consists of the following shapes:
.................................................

Package xcolor Warning: Incompatible color definition on input line 62.


Package xcolor Warning: Incompatible color definition on input line 62.


Package xcolor Warning: Incompatible color definition on input line 62.


Package xcolor Warning: Incompatible color definition on input line 62.

.................................................
. fontspec info: "defining-font"
. 
. Font family 'Verdana(0)' created for font 'Verdana' with options [].
. 
. This font family consists of the following shapes:
.................................................

Package xcolor Warning: Incompatible color definition on input line 62.


Package xcolor Warning: Incompatible color definition on input line 62.


Package xcolor Warning: Incompatible color definition on input line 62.


Package xcolor Warning: Incompatible color definition on input line 62.

.................................................
. fontspec info: "defining-font"
. 
. Font family 'Verdana(0)' created for font 'Verdana' with options [].
. 
. This font family consists of the following shapes:
.................................................

Package xcolor Warning: Incompatible color definition on input line 63.


Package xcolor Warning: Incompatible color definition on input line 63.


Package xcolor Warning: Incompatible color definition on input line 63.


Package xcolor Warning: Incompatible color definition on input line 63.

.................................................
. fontspec info: "defining-font"
. 
. Font family 'Verdana(0)' created for font 'Verdana' with options [].
. 
. This font family consists of the following shapes:
.................................................

Package xcolor Warning: Incompatible color definition on input line 64.


Package xcolor Warning: Incompatible color definition on input line 64.


Package xcolor Warning: Incompatible color definition on input line 64.


Package xcolor Warning: Incompatible color definition on input line 64.

.................................................
. fontspec info: "defining-font"
. 
. Font family 'Verdana(0)' created for font 'Verdana' with options [].
. 
. This font family consists of the following shapes:
.................................................

Package xcolor Warning: Incompatible color definition on input line 66.


Package xcolor Warning: Incompatible color definition on input line 66.


Package xcolor Warning: Incompatible color definition on input line 66.


Package xcolor Warning: Incompatible color definition on input line 66.


Package xcolor Warning: Incompatible color definition on input line 66.


Package xcolor Warning: Incompatible color definition on input line 66.

.................................................
. fontspec info: "defining-font"
. 
. Font family 'Verdana(0)' created for font 'Verdana' with options [].
. 
. This font family consists of the following shapes:
.................................................

Underfull \hbox (badness 10000) in paragraph at lines 57--67

 []


Package xcolor Warning: Incompatible color definition on input line 68.


Package xcolor Warning: Incompatible color definition on input line 68.


Package xcolor Warning: Incompatible color definition on input line 68.


Package xcolor Warning: Incompatible color definition on input line 72.


Package xcolor Warning: Incompatible color definition on input line 72.


Package xcolor Warning: Incompatible color definition on input line 73.


Package xcolor Warning: Incompatible color definition on input line 73.


Package xcolor Warning: Incompatible color definition on input line 74.


Package xcolor Warning: Incompatible color definition on input line 74.


Package xcolor Warning: Incompatible color definition on input line 75.


Package xcolor Warning: Incompatible color definition on input line 75.


Package xcolor Warning: Incompatible color definition on input line 76.


Package xcolor Warning: Incompatible color definition on input line 76.


Package xcolor Warning: Incompatible color definition on input line 76.


Package xcolor Warning: Incompatible color definition on input line 76.


Package xcolor Warning: Incompatible color definition on input line 76.


Package xcolor Warning: Incompatible color definition on input line 76.

.................................................
. fontspec info: "defining-font"
. 
. Font family 'Verdana(0)' created for font 'Verdana' with options [].
. 
. This font family consists of the following shapes:
.................................................

Package xcolor Warning: Incompatible color definition on input line 76.


Package xcolor Warning: Incompatible color definition on input line 76.


Package xcolor Warning: Incompatible color definition on input line 76.


Package xcolor Warning: Incompatible color definition on input line 76.

.................................................
. fontspec info: "defining-font"
. 
. Font family 'Verdana(0)' created for font 'Verdana' with options [].
. 
. This font family consists of the following shapes:
.................................................

Package xcolor Warning: Incompatible color definition on input line 76.


Package xcolor Warning: Incompatible color definition on input line 76.


Package xcolor Warning: Incompatible color definition on input line 76.


Package xcolor Warning: Incompatible color definition on input line 76.

.................................................
. fontspec info: "defining-font"
. 
. Font family 'Verdana(0)' created for font 'Verdana' with options [].
. 
. This font family consists of the following shapes:
.................................................

Package xcolor Warning: Incompatible color definition on input line 78.


Package xcolor Warning: Incompatible color definition on input line 78.


Package xcolor Warning: Incompatible color definition on input line 78.

LaTeX Font Info:    Try loading font information for OMS+TimesNewRoman(0) on in
put line 78.
LaTeX Font Info:    No file OMSTimesNewRoman(0).fd. on input line 78.

LaTeX Font Warning: Font shape `OMS/TimesNewRoman(0)/m/n' undefined
(Font)              using `OMS/cmsy/m/n' instead on input line 78.

Requested font "cmbx12" at 12.0pt
 -> cmbx12
Requested font "cmbx8" at 8.0pt
 -> cmbx8
Requested font "cmbx6" at 6.0pt
 -> cmbx6

Package xcolor Warning: Incompatible color definition on input line 78.


Package xcolor Warning: Incompatible color definition on input line 78.


Package xcolor Warning: Incompatible color definition on input line 78.


Package xcolor Warning: Incompatible color definition on input line 78.


Package xcolor Warning: Incompatible color definition on input line 78.

.................................................
. fontspec info: "defining-font"
. 
. Font family 'Verdana(0)' created for font 'Verdana' with options [].
. 
. This font family consists of the following shapes:
.................................................

Package xcolor Warning: Incompatible color definition on input line 78.


Package xcolor Warning: Incompatible color definition on input line 78.


Package xcolor Warning: Incompatible color definition on input line 78.


Package xcolor Warning: Incompatible color definition on input line 78.

.................................................
. fontspec info: "defining-font"
. 
. Font family 'Verdana(0)' created for font 'Verdana' with options [].
. 
. This font family consists of the following shapes:
.................................................

Underfull \hbox (badness 10000) in paragraph at lines 72--79

 []

[2] (E:\Project-Wuhu\网络安全课程设计\pic.tikz
Missing character: There is no ; in font nullfont!
Missing character: There is no ; in font nullfont!
Missing character: There is no ; in font nullfont!
Missing character: There is no ; in font nullfont!
Missing character: There is no ; in font nullfont!
Missing character: There is no ; in font nullfont!
Missing character: There is no ; in font nullfont!
Missing character: There is no ; in font nullfont!
Missing character: There is no ; in font nullfont!
Missing character: There is no ; in font nullfont!
Missing character: There is no ; in font nullfont!
Missing character: There is no ; in font nullfont!
Missing character: There is no ; in font nullfont!
Missing character: There is no ; in font nullfont!
Missing character: There is no ; in font nullfont!
Missing character: There is no ; in font nullfont!
Missing character: There is no ; in font nullfont!
Missing character: There is no ; in font nullfont!
Missing character: There is no ; in font nullfont!
Missing character: There is no ; in font nullfont!
Missing character: There is no ; in font nullfont!
Missing character: There is no ; in font nullfont!
Missing character: There is no ; in font nullfont!
Missing character: There is no ; in font nullfont!
Missing character: There is no ; in font nullfont!
Missing character: There is no ; in font nullfont!
)
Overfull \hbox (28.74002pt too wide) in paragraph at lines 66--81
 [] 
 []


Package xcolor Warning: Incompatible color definition on input line 83.


Package xcolor Warning: Incompatible color definition on input line 83.


Package xcolor Warning: Incompatible color definition on input line 83.


Package xcolor Warning: Incompatible color definition on input line 87.


Package xcolor Warning: Incompatible color definition on input line 87.


Package xcolor Warning: Incompatible color definition on input line 88.


Package xcolor Warning: Incompatible color definition on input line 88.


Package xcolor Warning: Incompatible color definition on input line 89.


Package xcolor Warning: Incompatible color definition on input line 89.


Package xcolor Warning: Incompatible color definition on input line 90.


Package xcolor Warning: Incompatible color definition on input line 90.


Package xcolor Warning: Incompatible color definition on input line 91.


Package xcolor Warning: Incompatible color definition on input line 91.


Package xcolor Warning: Incompatible color definition on input line 91.


Package xcolor Warning: Incompatible color definition on input line 91.


Package xcolor Warning: Incompatible color definition on input line 91.


Package xcolor Warning: Incompatible color definition on input line 91.

.................................................
. fontspec info: "defining-font"
. 
. Font family 'Verdana(0)' created for font 'Verdana' with options [].
. 
. This font family consists of the following shapes:
.................................................

Package xcolor Warning: Incompatible color definition on input line 91.


Package xcolor Warning: Incompatible color definition on input line 91.


Package xcolor Warning: Incompatible color definition on input line 91.


Package xcolor Warning: Incompatible color definition on input line 91.

.................................................
. fontspec info: "defining-font"
. 
. Font family 'Verdana(0)' created for font 'Verdana' with options [].
. 
. This font family consists of the following shapes:
.................................................

Package xcolor Warning: Incompatible color definition on input line 91.


Package xcolor Warning: Incompatible color definition on input line 91.


Package xcolor Warning: Incompatible color definition on input line 91.


Package xcolor Warning: Incompatible color definition on input line 91.

.................................................
. fontspec info: "defining-font"
. 
. Font family 'Verdana(0)' created for font 'Verdana' with options [].
. 
. This font family consists of the following shapes:
.................................................
File: packet.png Graphic file (type QTm)
<use  "packet.png" >

Package xcolor Warning: Incompatible color definition on input line 93.


Package xcolor Warning: Incompatible color definition on input line 93.


Underfull \hbox (badness 10000) in paragraph at lines 87--94

 []

[3]

Package xcolor Warning: Incompatible color definition on input line 95.


Overfull \hbox (2.49213pt too wide) in paragraph at lines 95--95
[]|[] 
 []


Package xcolor Warning: Incompatible color definition on input line 95.


Package xcolor Warning: Incompatible color definition on input line 95.


Package xcolor Warning: Incompatible color definition on input line 97.


Package xcolor Warning: Incompatible color definition on input line 100.


Package xcolor Warning: Incompatible color definition on input line 100.


Package xcolor Warning: Incompatible color definition on input line 100.


Package xcolor Warning: Incompatible color definition on input line 105.


Package xcolor Warning: Incompatible color definition on input line 105.


Package xcolor Warning: Incompatible color definition on input line 106.


Package xcolor Warning: Incompatible color definition on input line 106.


Package xcolor Warning: Incompatible color definition on input line 107.


Package xcolor Warning: Incompatible color definition on input line 107.


Package xcolor Warning: Incompatible color definition on input line 108.


Package xcolor Warning: Incompatible color definition on input line 108.


Package xcolor Warning: Incompatible color definition on input line 108.


Package xcolor Warning: Incompatible color definition on input line 108.


Package xcolor Warning: Incompatible color definition on input line 108.


Package xcolor Warning: Incompatible color definition on input line 108.


Package xcolor Warning: Incompatible color definition on input line 109.


Package xcolor Warning: Incompatible color definition on input line 109.


Package xcolor Warning: Incompatible color definition on input line 110.


Package xcolor Warning: Incompatible color definition on input line 110.


Package xcolor Warning: Incompatible color definition on input line 110.


Package xcolor Warning: Incompatible color definition on input line 110.


Package xcolor Warning: Incompatible color definition on input line 110.


Package xcolor Warning: Incompatible color definition on input line 110.


Package xcolor Warning: Incompatible color definition on input line 110.


Package xcolor Warning: Incompatible color definition on input line 110.


Package xcolor Warning: Incompatible color definition on input line 110.


Package xcolor Warning: Incompatible color definition on input line 110.


Package xcolor Warning: Incompatible color definition on input line 110.


Package xcolor Warning: Incompatible color definition on input line 111.


Package xcolor Warning: Incompatible color definition on input line 111.


Package xcolor Warning: Incompatible color definition on input line 111.


Package xcolor Warning: Incompatible color definition on input line 111.


Package xcolor Warning: Incompatible color definition on input line 111.


Package xcolor Warning: Incompatible color definition on input line 111.


Package xcolor Warning: Incompatible color definition on input line 111.


Overfull \hbox (29.96712pt too wide) in paragraph at lines 105--112
\xeCJK@rm/m/n/12 有 保 护，| 从 外 部 启 动[][][][][][]再 设 置 这
 个 参 数，| 设 定 密 码 策 略 为[][][][][][]
 []


Underfull \hbox (badness 10000) in paragraph at lines 105--112

 []


Package xcolor Warning: Incompatible color definition on input line 113.


Package xcolor Warning: Incompatible color definition on input line 113.


Package xcolor Warning: Incompatible color definition on input line 113.


Package xcolor Warning: Incompatible color definition on input line 117.


Package xcolor Warning: Incompatible color definition on input line 117.


Package xcolor Warning: Incompatible color definition on input line 118.


Package xcolor Warning: Incompatible color definition on input line 118.


Package xcolor Warning: Incompatible color definition on input line 119.


Package xcolor Warning: Incompatible color definition on input line 119.


Package xcolor Warning: Incompatible color definition on input line 120.


Package xcolor Warning: Incompatible color definition on input line 120.


Package xcolor Warning: Incompatible color definition on input line 120.


Package xcolor Warning: Incompatible color definition on input line 120.


Package xcolor Warning: Incompatible color definition on input line 120.


Package xcolor Warning: Incompatible color definition on input line 121.


Package xcolor Warning: Incompatible color definition on input line 121.


Package xcolor Warning: Incompatible color definition on input line 121.


Package xcolor Warning: Incompatible color definition on input line 121.


Package xcolor Warning: Incompatible color definition on input line 121.


Package xcolor Warning: Incompatible color definition on input line 121.

.................................................
. fontspec info: "defining-font"
. 
. Font family 'Verdana(0)' created for font 'Verdana' with options [].
. 
. This font family consists of the following shapes:
.................................................

Underfull \hbox (badness 10000) in paragraph at lines 117--122

 []

[4]

Package xcolor Warning: Incompatible color definition on input line 123.


Package xcolor Warning: Incompatible color definition on input line 123.


Package xcolor Warning: Incompatible color definition on input line 123.


Overfull \hbox (5.39375pt too wide) in paragraph at lines 123--123
 |[][][][][][][]| 
 []


Package xcolor Warning: Incompatible color definition on input line 127.


Package xcolor Warning: Incompatible color definition on input line 127.


Package xcolor Warning: Incompatible color definition on input line 128.


Package xcolor Warning: Incompatible color definition on input line 128.


Package xcolor Warning: Incompatible color definition on input line 129.


Package xcolor Warning: Incompatible color definition on input line 129.


Package xcolor Warning: Incompatible color definition on input line 130.


Package xcolor Warning: Incompatible color definition on input line 130.


Package xcolor Warning: Incompatible color definition on input line 132.


Package xcolor Warning: Incompatible color definition on input line 132.


Package xcolor Warning: Incompatible color definition on input line 132.


Package xcolor Warning: Incompatible color definition on input line 132.

.................................................
. fontspec info: "defining-font"
. 
. Font family 'Verdana(0)' created for font 'Verdana' with options [].
. 
. This font family consists of the following shapes:
.................................................

Package xcolor Warning: Incompatible color definition on input line 132.


Overfull \hbox (56.94678pt too wide) in paragraph at lines 132--133
[]\xeCJK@rm/m/n/12 服 务 器 会 接 受 \T1/lmtt/m/n/12 EXP-DES-CBC-SHA(SSLv
3\xeCJK@rm/m/n/12 、| \T1/lmtt/m/n/12 TLSv1)\xeCJK@rm/m/n/12 、| \T1/lmtt/m/n
/12 EXP-RC2-CBC-MD5(SSLv3\xeCJK@rm/m/n/12 、| \T1/lmtt/m/n/12 TLSv1)\xeCJK@rm/
m/n/12 、| \T1/lmtt/m/n/12 EXP-RC4-MD5(SSLv3\xeCJK@rm/m/n/12 、|
 []


Package xcolor Warning: Incompatible color definition on input line 133.


Package xcolor Warning: Incompatible color definition on input line 133.


Package xcolor Warning: Incompatible color definition on input line 133.


Package xcolor Warning: Incompatible color definition on input line 133.

.................................................
. fontspec info: "defining-font"
. 
. Font family 'Verdana(0)' created for font 'Verdana' with options [].
. 
. This font family consists of the following shapes:
.................................................

Package xcolor Warning: Incompatible color definition on input line 133.


Package xcolor Warning: Incompatible color definition on input line 133.


Package xcolor Warning: Incompatible color definition on input line 133.


Package xcolor Warning: Incompatible color definition on input line 133.

.................................................
. fontspec info: "defining-font"
. 
. Font family 'Verdana(0)' created for font 'Verdana' with options [].
. 
. This font family consists of the following shapes:
.................................................

Package xcolor Warning: Incompatible color definition on input line 134.


Package xcolor Warning: Incompatible color definition on input line 134.


Package xcolor Warning: Incompatible color definition on input line 134.


Package xcolor Warning: Incompatible color definition on input line 134.

.................................................
. fontspec info: "defining-font"
. 
. Font family 'Verdana(0)' created for font 'Verdana' with options [].
. 
. This font family consists of the following shapes:
.................................................

Package xcolor Warning: Incompatible color definition on input line 139.


Package xcolor Warning: Incompatible color definition on input line 139.


Package xcolor Warning: Incompatible color definition on input line 139.


Package xcolor Warning: Incompatible color definition on input line 139.


Package xcolor Warning: Incompatible color definition on input line 139.


Package xcolor Warning: Incompatible color definition on input line 139.

.................................................
. fontspec info: "defining-font"
. 
. Font family 'Verdana(0)' created for font 'Verdana' with options [].
. 
. This font family consists of the following shapes:
.................................................

Package xcolor Warning: Incompatible color definition on input line 139.


Package xcolor Warning: Incompatible color definition on input line 139.


Package xcolor Warning: Incompatible color definition on input line 139.


Package xcolor Warning: Incompatible color definition on input line 139.

.................................................
. fontspec info: "defining-font"
. 
. Font family 'Verdana(0)' created for font 'Verdana' with options [].
. 
. This font family consists of the following shapes:
.................................................

Package xcolor Warning: Incompatible color definition on input line 139.


Package xcolor Warning: Incompatible color definition on input line 139.


Package xcolor Warning: Incompatible color definition on input line 139.


Package xcolor Warning: Incompatible color definition on input line 139.

.................................................
. fontspec info: "defining-font"
. 
. Font family 'Verdana(0)' created for font 'Verdana' with options [].
. 
. This font family consists of the following shapes:
.................................................

Package xcolor Warning: Incompatible color definition on input line 140.


Package xcolor Warning: Incompatible color definition on input line 140.


Package xcolor Warning: Incompatible color definition on input line 141.


Package xcolor Warning: Incompatible color definition on input line 141.


Package xcolor Warning: Incompatible color definition on input line 141.


Package xcolor Warning: Incompatible color definition on input line 142.


Package xcolor Warning: Incompatible color definition on input line 143.


Package xcolor Warning: Incompatible color definition on input line 143.


Package xcolor Warning: Incompatible color definition on input line 144.


Overfull \hbox (125.86722pt too wide) in paragraph at lines 139--145
[][][] \T1/TimesNewRoman(0)/m/n/12 'F-REAK'  \xeCJK@rm/m/n/12 —| \T1/TimesNew
Roman(0)/m/n/12 New SS-L/TL-S Vul-ner-a-bil-i-ty Ex-plained\xeCJK@rm/m/n/12 ：
| [][]$\T1/lmtt/m/n/12 http : / / thehackernews . com / 2015 / 03 / freak-[]ope
nssl-[]vulnerability .
 []

[5]
Package atveryend Info: Empty hook `BeforeClearDocument' on input line 147.
 [6]
Package atveryend Info: Empty hook `AfterLastShipout' on input line 147.
 (E:\Project-Wuhu\网络安全课程设计\乌云漏洞整理.aux)
Package atveryend Info: Empty hook `AtVeryEndDocument' on input line 147.
Package atveryend Info: Empty hook `AtEndAfterFileList' on input line 147.


LaTeX Font Warning: Some font shapes were not available, defaults substituted.

 ) 
Here is how much of TeX's memory you used:
 36008 strings out of 430478
 691268 string characters out of 3191502
 818755 words of memory out of 3000000
 38508 multiletter control sequences out of 15000+200000
 20247 words of font info for 95 fonts, out of 3000000 for 9000
 14 hyphenation exceptions out of 8191
 56i,12n,69p,932b,967s stack positions out of 5000i,500n,10000p,200000b,50000s

Output written on 乌云漏洞整理.pdf (6 pages).
